[date & time]
Monday, June 10, 2019, 11:21:10
[copy]
C:\Users\mikeBoogz\AppData\Local\Adobe\Animate CC 2019\en_US\Configuration\LastFirstRunInstall.dat
[copy]
C:\Users\mikeBoogz\AppData\Local\Adobe\Animate CC 2019\en_US\Configuration\missfont.map
[create dir]
C:\Users\mikeBoogz\AppData\Local\Adobe\Animate CC 2019\en_US\Configuration\ActionScript 3.0
[copy]
C:\Users\mikeBoogz\AppData\Local\Adobe\Animate CC 2019\en_US\Configuration\ActionScript 3.0\FlexInfo.xml
[copy]
C:\Users\mikeBoogz\AppData\Local\Adobe\Animate CC 2019\en_US\Configuration\ActionScript 3.0\jvm.ini
[create dir]
C:\Users\mikeBoogz\AppData\Local\Adobe\Animate CC 2019\en_US\Configuration\ActionScript 3.0\Templates
[copy]
C:\Users\mikeBoogz\AppData\Local\Adobe\Animate CC 2019\en_US\Configuration\ActionScript 3.0\Templates\boundClass_as3.as
[copy]
C:\Users\mikeBoogz\AppData\Local\Adobe\Animate CC 2019\en_US\Configuration\ActionScript 3.0\Templates\standardClass_as3.as
[copy]
C:\Users\mikeBoogz\AppData\Local\Adobe\Animate CC 2019\en_US\Configuration\ActionScript 3.0\Templates\standardInterface_as3.as
[create dir]
C:\Users\mikeBoogz\AppData\Local\Adobe\Animate CC 2019\en_US\Configuration\Classes
[copy]
C:\Users\mikeBoogz\AppData\Local\Adobe\Animate CC 2019\en_US\Configuration\Classes\toplevel.as
[create dir]
C:\Users\mikeBoogz\AppData\Local\Adobe\Animate CC 2019\en_US\Configuration\Classes\FP10
[copy]
C:\Users\mikeBoogz\AppData\Local\Adobe\Animate CC 2019\en_US\Configuration\Classes\FP10\Microphone.as
[copy]
C:\Users\mikeBoogz\AppData\Local\Adobe\Animate CC 2019\en_US\Configuration\Classes\FP10\NetConnection.as
[copy]
C:\Users\mikeBoogz\AppData\Local\Adobe\Animate CC 2019\en_US\Configuration\Classes\FP10\NetStream.as
[copy]
C:\Users\mikeBoogz\AppData\Local\Adobe\Animate CC 2019\en_US\Configuration\Classes\FP10\XMLSocket.as
[create dir]
C:\Users\mikeBoogz\AppData\Local\Adobe\Animate CC 2019\en_US\Configuration\Classes\FP7
[copy]
C:\Users\mikeBoogz\AppData\Local\Adobe\Animate CC 2019\en_US\Configuration\Classes\FP7\Accessibility.as
[copy]
C:\Users\mikeBoogz\AppData\Local\Adobe\Animate CC 2019\en_US\Configuration\Classes\FP7\Array.as
[copy]
C:\Users\mikeBoogz\AppData\Local\Adobe\Animate CC 2019\en_US\Configuration\Classes\FP7\AsBroadcaster.as
[copy]
C:\Users\mikeBoogz\AppData\Local\Adobe\Animate CC 2019\en_US\Configuration\Classes\FP7\Boolean.as
[copy]
C:\Users\mikeBoogz\AppData\Local\Adobe\Animate CC 2019\en_US\Configuration\Classes\FP7\Button.as
[copy]
C:\Users\mikeBoogz\AppData\Local\Adobe\Animate CC 2019\en_US\Configuration\Classes\FP7\Camera.as
[copy]
C:\Users\mikeBoogz\AppData\Local\Adobe\Animate CC 2019\en_US\Configuration\Classes\FP7\Color.as
[copy]
C:\Users\mikeBoogz\AppData\Local\Adobe\Animate CC 2019\en_US\Configuration\Classes\FP7\ContextMenu.as
[copy]
C:\Users\mikeBoogz\AppData\Local\Adobe\Animate CC 2019\en_US\Configuration\Classes\FP7\ContextMenuItem.as
[copy]
C:\Users\mikeBoogz\AppData\Local\Adobe\Animate CC 2019\en_US\Configuration\Classes\FP7\CustomActions.as
[copy]
C:\Users\mikeBoogz\AppData\Local\Adobe\Animate CC 2019\en_US\Configuration\Classes\FP7\Date.as
[copy]
C:\Users\mikeBoogz\AppData\Local\Adobe\Animate CC 2019\en_US\Configuration\Classes\FP7\Enumeration.as
[copy]
C:\Users\mikeBoogz\AppData\Local\Adobe\Animate CC 2019\en_US\Configuration\Classes\FP7\Error.as
[copy]
C:\Users\mikeBoogz\AppData\Local\Adobe\Animate CC 2019\en_US\Configuration\Classes\FP7\ExtendedKey.as
[copy]
C:\Users\mikeBoogz\AppData\Local\Adobe\Animate CC 2019\en_US\Configuration\Classes\FP7\File.as
[copy]
C:\Users\mikeBoogz\AppData\Local\Adobe\Animate CC 2019\en_US\Configuration\Classes\FP7\FontName.as
[copy]
C:\Users\mikeBoogz\AppData\Local\Adobe\Animate CC 2019\en_US\Configuration\Classes\FP7\Function.as
[copy]
C:\Users\mikeBoogz\AppData\Local\Adobe\Animate CC 2019\en_US\Configuration\Classes\FP7\FunctionArguments.as
[copy]
C:\Users\mikeBoogz\AppData\Local\Adobe\Animate CC 2019\en_US\Configuration\Classes\FP7\Key.as
[copy]
C:\Users\mikeBoogz\AppData\Local\Adobe\Animate CC 2019\en_US\Configuration\Classes\FP7\LoadVars.as
[copy]
C:\Users\mikeBoogz\AppData\Local\Adobe\Animate CC 2019\en_US\Configuration\Classes\FP7\LocalConnection.as
[copy]
C:\Users\mikeBoogz\AppData\Local\Adobe\Animate CC 2019\en_US\Configuration\Classes\FP7\Math.as
[copy]
C:\Users\mikeBoogz\AppData\Local\Adobe\Animate CC 2019\en_US\Configuration\Classes\FP7\Microphone.as
[copy]
C:\Users\mikeBoogz\AppData\Local\Adobe\Animate CC 2019\en_US\Configuration\Classes\FP7\Mouse.as
[copy]
C:\Users\mikeBoogz\AppData\Local\Adobe\Animate CC 2019\en_US\Configuration\Classes\FP7\MovieClip.as
[copy]
C:\Users\mikeBoogz\AppData\Local\Adobe\Animate CC 2019\en_US\Configuration\Classes\FP7\MovieClipLoader.as
[copy]
C:\Users\mikeBoogz\AppData\Local\Adobe\Animate CC 2019\en_US\Configuration\Classes\FP7\NetConnection.as
[copy]
C:\Users\mikeBoogz\AppData\Local\Adobe\Animate CC 2019\en_US\Configuration\Classes\FP7\NetStream.as
[copy]
C:\Users\mikeBoogz\AppData\Local\Adobe\Animate CC 2019\en_US\Configuration\Classes\FP7\Number.as
[copy]
C:\Users\mikeBoogz\AppData\Local\Adobe\Animate CC 2019\en_US\Configuration\Classes\FP7\Object.as
[copy]
C:\Users\mikeBoogz\AppData\Local\Adobe\Animate CC 2019\en_US\Configuration\Classes\FP7\ObjectID.as
[copy]
C:\Users\mikeBoogz\AppData\Local\Adobe\Animate CC 2019\en_US\Configuration\Classes\FP7\PrintJob.as
[copy]
C:\Users\mikeBoogz\AppData\Local\Adobe\Animate CC 2019\en_US\Configuration\Classes\FP7\Selection.as
[copy]
C:\Users\mikeBoogz\AppData\Local\Adobe\Animate CC 2019\en_US\Configuration\Classes\FP7\SharedObject.as
[copy]
C:\Users\mikeBoogz\AppData\Local\Adobe\Animate CC 2019\en_US\Configuration\Classes\FP7\Sound.as
[copy]
C:\Users\mikeBoogz\AppData\Local\Adobe\Animate CC 2019\en_US\Configuration\Classes\FP7\Stage.as
[copy]
C:\Users\mikeBoogz\AppData\Local\Adobe\Animate CC 2019\en_US\Configuration\Classes\FP7\String.as
[copy]
C:\Users\mikeBoogz\AppData\Local\Adobe\Animate CC 2019\en_US\Configuration\Classes\FP7\System.as
[copy]
C:\Users\mikeBoogz\AppData\Local\Adobe\Animate CC 2019\en_US\Configuration\Classes\FP7\TextField.as
[copy]
C:\Users\mikeBoogz\AppData\Local\Adobe\Animate CC 2019\en_US\Configuration\Classes\FP7\TextFormat.as
[copy]
C:\Users\mikeBoogz\AppData\Local\Adobe\Animate CC 2019\en_US\Configuration\Classes\FP7\TextSnapshot.as
[copy]
C:\Users\mikeBoogz\AppData\Local\Adobe\Animate CC 2019\en_US\Configuration\Classes\FP7\URI.as
[copy]
C:\Users\mikeBoogz\AppData\Local\Adobe\Animate CC 2019\en_US\Configuration\Classes\FP7\Video.as
[copy]
C:\Users\mikeBoogz\AppData\Local\Adobe\Animate CC 2019\en_US\Configuration\Classes\FP7\XML.as
[copy]
C:\Users\mikeBoogz\AppData\Local\Adobe\Animate CC 2019\en_US\Configuration\Classes\FP7\XMLNode.as
[copy]
C:\Users\mikeBoogz\AppData\Local\Adobe\Animate CC 2019\en_US\Configuration\Classes\FP7\XMLSocket.as
[copy]
C:\Users\mikeBoogz\AppData\Local\Adobe\Animate CC 2019\en_US\Configuration\Classes\FP7\XMLUI.as
[create dir]
C:\Users\mikeBoogz\AppData\Local\Adobe\Animate CC 2019\en_US\Configuration\Classes\FP7\System
[copy]
C:\Users\mikeBoogz\AppData\Local\Adobe\Animate CC 2019\en_US\Configuration\Classes\FP7\System\capabilities.as
[copy]
C:\Users\mikeBoogz\AppData\Local\Adobe\Animate CC 2019\en_US\Configuration\Classes\FP7\System\security.as
[create dir]
C:\Users\mikeBoogz\AppData\Local\Adobe\Animate CC 2019\en_US\Configuration\Classes\FP7\TextField
[copy]
C:\Users\mikeBoogz\AppData\Local\Adobe\Animate CC 2019\en_US\Configuration\Classes\FP7\TextField\StyleSheet.as
[create dir]
C:\Users\mikeBoogz\AppData\Local\Adobe\Animate CC 2019\en_US\Configuration\Classes\FP8
[copy]
C:\Users\mikeBoogz\AppData\Local\Adobe\Animate CC 2019\en_US\Configuration\Classes\FP8\Accessibility.as
[copy]
C:\Users\mikeBoogz\AppData\Local\Adobe\Animate CC 2019\en_US\Configuration\Classes\FP8\Array.as
[copy]
C:\Users\mikeBoogz\AppData\Local\Adobe\Animate CC 2019\en_US\Configuration\Classes\FP8\AsBroadcaster.as
[copy]
C:\Users\mikeBoogz\AppData\Local\Adobe\Animate CC 2019\en_US\Configuration\Classes\FP8\Boolean.as
[copy]
C:\Users\mikeBoogz\AppData\Local\Adobe\Animate CC 2019\en_US\Configuration\Classes\FP8\Button.as
[copy]
C:\Users\mikeBoogz\AppData\Local\Adobe\Animate CC 2019\en_US\Configuration\Classes\FP8\Camera.as
[copy]
C:\Users\mikeBoogz\AppData\Local\Adobe\Animate CC 2019\en_US\Configuration\Classes\FP8\Color.as
[copy]
C:\Users\mikeBoogz\AppData\Local\Adobe\Animate CC 2019\en_US\Configuration\Classes\FP8\ContextMenu.as
[copy]
C:\Users\mikeBoogz\AppData\Local\Adobe\Animate CC 2019\en_US\Configuration\Classes\FP8\ContextMenuItem.as
[copy]
C:\Users\mikeBoogz\AppData\Local\Adobe\Animate CC 2019\en_US\Configuration\Classes\FP8\CustomActions.as
[copy]
C:\Users\mikeBoogz\AppData\Local\Adobe\Animate CC 2019\en_US\Configuration\Classes\FP8\Date.as
[copy]
C:\Users\mikeBoogz\AppData\Local\Adobe\Animate CC 2019\en_US\Configuration\Classes\FP8\Enumeration.as
[copy]
C:\Users\mikeBoogz\AppData\Local\Adobe\Animate CC 2019\en_US\Configuration\Classes\FP8\Error.as
[copy]
C:\Users\mikeBoogz\AppData\Local\Adobe\Animate CC 2019\en_US\Configuration\Classes\FP8\ExtendedKey.as
[copy]
C:\Users\mikeBoogz\AppData\Local\Adobe\Animate CC 2019\en_US\Configuration\Classes\FP8\File.as
[copy]
C:\Users\mikeBoogz\AppData\Local\Adobe\Animate CC 2019\en_US\Configuration\Classes\FP8\FontName.as
[copy]
C:\Users\mikeBoogz\AppData\Local\Adobe\Animate CC 2019\en_US\Configuration\Classes\FP8\Function.as
[copy]
C:\Users\mikeBoogz\AppData\Local\Adobe\Animate CC 2019\en_US\Configuration\Classes\FP8\FunctionArguments.as
[copy]
C:\Users\mikeBoogz\AppData\Local\Adobe\Animate CC 2019\en_US\Configuration\Classes\FP8\Key.as
[copy]
C:\Users\mikeBoogz\AppData\Local\Adobe\Animate CC 2019\en_US\Configuration\Classes\FP8\LoadVars.as
[copy]
C:\Users\mikeBoogz\AppData\Local\Adobe\Animate CC 2019\en_US\Configuration\Classes\FP8\LocalConnection.as
[copy]
C:\Users\mikeBoogz\AppData\Local\Adobe\Animate CC 2019\en_US\Configuration\Classes\FP8\Math.as
[copy]
C:\Users\mikeBoogz\AppData\Local\Adobe\Animate CC 2019\en_US\Configuration\Classes\FP8\Microphone.as
[copy]
C:\Users\mikeBoogz\AppData\Local\Adobe\Animate CC 2019\en_US\Configuration\Classes\FP8\Mouse.as
[copy]
C:\Users\mikeBoogz\AppData\Local\Adobe\Animate CC 2019\en_US\Configuration\Classes\FP8\MovieClip.as
[copy]
C:\Users\mikeBoogz\AppData\Local\Adobe\Animate CC 2019\en_US\Configuration\Classes\FP8\MovieClipLoader.as
[copy]
C:\Users\mikeBoogz\AppData\Local\Adobe\Animate CC 2019\en_US\Configuration\Classes\FP8\NetConnection.as
[copy]
C:\Users\mikeBoogz\AppData\Local\Adobe\Animate CC 2019\en_US\Configuration\Classes\FP8\NetStream.as
[copy]
C:\Users\mikeBoogz\AppData\Local\Adobe\Animate CC 2019\en_US\Configuration\Classes\FP8\Number.as
[copy]
C:\Users\mikeBoogz\AppData\Local\Adobe\Animate CC 2019\en_US\Configuration\Classes\FP8\Object.as
[copy]
C:\Users\mikeBoogz\AppData\Local\Adobe\Animate CC 2019\en_US\Configuration\Classes\FP8\ObjectID.as
[copy]
C:\Users\mikeBoogz\AppData\Local\Adobe\Animate CC 2019\en_US\Configuration\Classes\FP8\PrintJob.as
[copy]
C:\Users\mikeBoogz\AppData\Local\Adobe\Animate CC 2019\en_US\Configuration\Classes\FP8\Selection.as
[copy]
C:\Users\mikeBoogz\AppData\Local\Adobe\Animate CC 2019\en_US\Configuration\Classes\FP8\SharedObject.as
[copy]
C:\Users\mikeBoogz\AppData\Local\Adobe\Animate CC 2019\en_US\Configuration\Classes\FP8\Sound.as
[copy]
C:\Users\mikeBoogz\AppData\Local\Adobe\Animate CC 2019\en_US\Configuration\Classes\FP8\Stage.as
[copy]
C:\Users\mikeBoogz\AppData\Local\Adobe\Animate CC 2019\en_US\Configuration\Classes\FP8\String.as
[copy]
C:\Users\mikeBoogz\AppData\Local\Adobe\Animate CC 2019\en_US\Configuration\Classes\FP8\System.as
[copy]
C:\Users\mikeBoogz\AppData\Local\Adobe\Animate CC 2019\en_US\Configuration\Classes\FP8\TextField.as
[copy]
C:\Users\mikeBoogz\AppData\Local\Adobe\Animate CC 2019\en_US\Configuration\Classes\FP8\TextFormat.as
[copy]
C:\Users\mikeBoogz\AppData\Local\Adobe\Animate CC 2019\en_US\Configuration\Classes\FP8\TextSnapshot.as
[copy]
C:\Users\mikeBoogz\AppData\Local\Adobe\Animate CC 2019\en_US\Configuration\Classes\FP8\URI.as
[copy]
C:\Users\mikeBoogz\AppData\Local\Adobe\Animate CC 2019\en_US\Configuration\Classes\FP8\Video.as
[copy]
C:\Users\mikeBoogz\AppData\Local\Adobe\Animate CC 2019\en_US\Configuration\Classes\FP8\XML.as
[copy]
C:\Users\mikeBoogz\AppData\Local\Adobe\Animate CC 2019\en_US\Configuration\Classes\FP8\XMLNode.as
[copy]
C:\Users\mikeBoogz\AppData\Local\Adobe\Animate CC 2019\en_US\Configuration\Classes\FP8\XMLSocket.as
[copy]
C:\Users\mikeBoogz\AppData\Local\Adobe\Animate CC 2019\en_US\Configuration\Classes\FP8\XMLUI.as
[create dir]
C:\Users\mikeBoogz\AppData\Local\Adobe\Animate CC 2019\en_US\Configuration\Classes\FP8\flash
[create dir]
C:\Users\mikeBoogz\AppData\Local\Adobe\Animate CC 2019\en_US\Configuration\Classes\FP8\flash\display
[copy]
C:\Users\mikeBoogz\AppData\Local\Adobe\Animate CC 2019\en_US\Configuration\Classes\FP8\flash\display\BitmapData.as
[create dir]
C:\Users\mikeBoogz\AppData\Local\Adobe\Animate CC 2019\en_US\Configuration\Classes\FP8\flash\external
[copy]
C:\Users\mikeBoogz\AppData\Local\Adobe\Animate CC 2019\en_US\Configuration\Classes\FP8\flash\external\ExternalInterface.as
[create dir]
C:\Users\mikeBoogz\AppData\Local\Adobe\Animate CC 2019\en_US\Configuration\Classes\FP8\flash\filters
[copy]
C:\Users\mikeBoogz\AppData\Local\Adobe\Animate CC 2019\en_US\Configuration\Classes\FP8\flash\filters\BevelFilter.as
[copy]
C:\Users\mikeBoogz\AppData\Local\Adobe\Animate CC 2019\en_US\Configuration\Classes\FP8\flash\filters\BitmapFilter.as
[copy]
C:\Users\mikeBoogz\AppData\Local\Adobe\Animate CC 2019\en_US\Configuration\Classes\FP8\flash\filters\BlurFilter.as
[copy]
C:\Users\mikeBoogz\AppData\Local\Adobe\Animate CC 2019\en_US\Configuration\Classes\FP8\flash\filters\ColorMatrixFilter.as
[copy]
C:\Users\mikeBoogz\AppData\Local\Adobe\Animate CC 2019\en_US\Configuration\Classes\FP8\flash\filters\ConvolutionFilter.as
[copy]
C:\Users\mikeBoogz\AppData\Local\Adobe\Animate CC 2019\en_US\Configuration\Classes\FP8\flash\filters\DisplacementMapFilter.as
[copy]
C:\Users\mikeBoogz\AppData\Local\Adobe\Animate CC 2019\en_US\Configuration\Classes\FP8\flash\filters\DropShadowFilter.as
[copy]
C:\Users\mikeBoogz\AppData\Local\Adobe\Animate CC 2019\en_US\Configuration\Classes\FP8\flash\filters\GlowFilter.as
[copy]
C:\Users\mikeBoogz\AppData\Local\Adobe\Animate CC 2019\en_US\Configuration\Classes\FP8\flash\filters\GradientBevelFilter.as
[copy]
C:\Users\mikeBoogz\AppData\Local\Adobe\Animate CC 2019\en_US\Configuration\Classes\FP8\flash\filters\GradientGlowFilter.as
[create dir]
C:\Users\mikeBoogz\AppData\Local\Adobe\Animate CC 2019\en_US\Configuration\Classes\FP8\flash\geom
[copy]
C:\Users\mikeBoogz\AppData\Local\Adobe\Animate CC 2019\en_US\Configuration\Classes\FP8\flash\geom\ColorTransform.as
[copy]
C:\Users\mikeBoogz\AppData\Local\Adobe\Animate CC 2019\en_US\Configuration\Classes\FP8\flash\geom\Matrix.as
[copy]
C:\Users\mikeBoogz\AppData\Local\Adobe\Animate CC 2019\en_US\Configuration\Classes\FP8\flash\geom\Point.as
[copy]
C:\Users\mikeBoogz\AppData\Local\Adobe\Animate CC 2019\en_US\Configuration\Classes\FP8\flash\geom\Rectangle.as
[copy]
C:\Users\mikeBoogz\AppData\Local\Adobe\Animate CC 2019\en_US\Configuration\Classes\FP8\flash\geom\Transform.as
[create dir]
C:\Users\mikeBoogz\AppData\Local\Adobe\Animate CC 2019\en_US\Configuration\Classes\FP8\flash\net
[copy]
C:\Users\mikeBoogz\AppData\Local\Adobe\Animate CC 2019\en_US\Configuration\Classes\FP8\flash\net\FileReference.as
[copy]
C:\Users\mikeBoogz\AppData\Local\Adobe\Animate CC 2019\en_US\Configuration\Classes\FP8\flash\net\FileReferenceList.as
[create dir]
C:\Users\mikeBoogz\AppData\Local\Adobe\Animate CC 2019\en_US\Configuration\Classes\FP8\flash\text
[copy]
C:\Users\mikeBoogz\AppData\Local\Adobe\Animate CC 2019\en_US\Configuration\Classes\FP8\flash\text\TextRenderer.as
[create dir]
C:\Users\mikeBoogz\AppData\Local\Adobe\Animate CC 2019\en_US\Configuration\Classes\FP8\System
[copy]
C:\Users\mikeBoogz\AppData\Local\Adobe\Animate CC 2019\en_US\Configuration\Classes\FP8\System\capabilities.as
[copy]
C:\Users\mikeBoogz\AppData\Local\Adobe\Animate CC 2019\en_US\Configuration\Classes\FP8\System\IME.as
[copy]
C:\Users\mikeBoogz\AppData\Local\Adobe\Animate CC 2019\en_US\Configuration\Classes\FP8\System\security.as
[create dir]
C:\Users\mikeBoogz\AppData\Local\Adobe\Animate CC 2019\en_US\Configuration\Classes\FP8\TextField
[copy]
C:\Users\mikeBoogz\AppData\Local\Adobe\Animate CC 2019\en_US\Configuration\Classes\FP8\TextField\StyleSheet.as
[create dir]
C:\Users\mikeBoogz\AppData\Local\Adobe\Animate CC 2019\en_US\Configuration\Classes\FP9
[copy]
C:\Users\mikeBoogz\AppData\Local\Adobe\Animate CC 2019\en_US\Configuration\Classes\FP9\MovieClip.as
[copy]
C:\Users\mikeBoogz\AppData\Local\Adobe\Animate CC 2019\en_US\Configuration\Classes\FP9\MovieClipLoader.as
[copy]
C:\Users\mikeBoogz\AppData\Local\Adobe\Animate CC 2019\en_US\Configuration\Classes\FP9\NetStream.as
[copy]
C:\Users\mikeBoogz\AppData\Local\Adobe\Animate CC 2019\en_US\Configuration\Classes\FP9\Sound.as
[copy]
C:\Users\mikeBoogz\AppData\Local\Adobe\Animate CC 2019\en_US\Configuration\Classes\FP9\Stage.as
[create dir]
C:\Users\mikeBoogz\AppData\Local\Adobe\Animate CC 2019\en_US\Configuration\Classes\FP9\flash
[create dir]
C:\Users\mikeBoogz\AppData\Local\Adobe\Animate CC 2019\en_US\Configuration\Classes\FP9\flash\display
[copy]
C:\Users\mikeBoogz\AppData\Local\Adobe\Animate CC 2019\en_US\Configuration\Classes\FP9\flash\display\BitmapData.as
[create dir]
C:\Users\mikeBoogz\AppData\Local\Adobe\Animate CC 2019\en_US\Configuration\Classes\FP9\flash\net
[copy]
C:\Users\mikeBoogz\AppData\Local\Adobe\Animate CC 2019\en_US\Configuration\Classes\FP9\flash\net\FileReference.as
[create dir]
C:\Users\mikeBoogz\AppData\Local\Adobe\Animate CC 2019\en_US\Configuration\Classes\FP9\flash\text
[copy]
C:\Users\mikeBoogz\AppData\Local\Adobe\Animate CC 2019\en_US\Configuration\Classes\FP9\flash\text\TextRenderer.as
[create dir]
C:\Users\mikeBoogz\AppData\Local\Adobe\Animate CC 2019\en_US\Configuration\Classes\mx
[create dir]
C:\Users\mikeBoogz\AppData\Local\Adobe\Animate CC 2019\en_US\Configuration\Classes\mx\accessibility
[copy]
C:\Users\mikeBoogz\AppData\Local\Adobe\Animate CC 2019\en_US\Configuration\Classes\mx\accessibility\AccImpl.as
[copy]
C:\Users\mikeBoogz\AppData\Local\Adobe\Animate CC 2019\en_US\Configuration\Classes\mx\accessibility\AlertAccImpl.as
[copy]
C:\Users\mikeBoogz\AppData\Local\Adobe\Animate CC 2019\en_US\Configuration\Classes\mx\accessibility\ButtonAccImpl.as
[copy]
C:\Users\mikeBoogz\AppData\Local\Adobe\Animate CC 2019\en_US\Configuration\Classes\mx\accessibility\CheckBoxAccImpl.as
[copy]
C:\Users\mikeBoogz\AppData\Local\Adobe\Animate CC 2019\en_US\Configuration\Classes\mx\accessibility\ComboBaseAccImpl.as
[copy]
C:\Users\mikeBoogz\AppData\Local\Adobe\Animate CC 2019\en_US\Configuration\Classes\mx\accessibility\ComboBoxAccImpl.as
[copy]
C:\Users\mikeBoogz\AppData\Local\Adobe\Animate CC 2019\en_US\Configuration\Classes\mx\accessibility\DataGridAccImpl.as
[copy]
C:\Users\mikeBoogz\AppData\Local\Adobe\Animate CC 2019\en_US\Configuration\Classes\mx\accessibility\LabelAccImpl.as
[copy]
C:\Users\mikeBoogz\AppData\Local\Adobe\Animate CC 2019\en_US\Configuration\Classes\mx\accessibility\ListAccImpl.as
[copy]
C:\Users\mikeBoogz\AppData\Local\Adobe\Animate CC 2019\en_US\Configuration\Classes\mx\accessibility\RadioButtonAccImpl.as
[copy]
C:\Users\mikeBoogz\AppData\Local\Adobe\Animate CC 2019\en_US\Configuration\Classes\mx\accessibility\ScrollSelectListAccImpl.as
[copy]
C:\Users\mikeBoogz\AppData\Local\Adobe\Animate CC 2019\en_US\Configuration\Classes\mx\accessibility\SimpleButtonAccImpl.as
[copy]
C:\Users\mikeBoogz\AppData\Local\Adobe\Animate CC 2019\en_US\Configuration\Classes\mx\accessibility\WindowAccImpl.as
[create dir]
C:\Users\mikeBoogz\AppData\Local\Adobe\Animate CC 2019\en_US\Configuration\Classes\mx\behaviors
[copy]
C:\Users\mikeBoogz\AppData\Local\Adobe\Animate CC 2019\en_US\Configuration\Classes\mx\behaviors\DepthControl.as
[create dir]
C:\Users\mikeBoogz\AppData\Local\Adobe\Animate CC 2019\en_US\Configuration\Classes\mx\containers
[copy]
C:\Users\mikeBoogz\AppData\Local\Adobe\Animate CC 2019\en_US\Configuration\Classes\mx\containers\Accordion.as
[copy]
C:\Users\mikeBoogz\AppData\Local\Adobe\Animate CC 2019\en_US\Configuration\Classes\mx\containers\ScrollPane.as
[copy]
C:\Users\mikeBoogz\AppData\Local\Adobe\Animate CC 2019\en_US\Configuration\Classes\mx\containers\Window.as
[create dir]
C:\Users\mikeBoogz\AppData\Local\Adobe\Animate CC 2019\en_US\Configuration\Classes\mx\containers\accordionclasses
[copy]
C:\Users\mikeBoogz\AppData\Local\Adobe\Animate CC 2019\en_US\Configuration\Classes\mx\containers\accordionclasses\AccordionHeader.as
[create dir]
C:\Users\mikeBoogz\AppData\Local\Adobe\Animate CC 2019\en_US\Configuration\Classes\mx\controls
[copy]
C:\Users\mikeBoogz\AppData\Local\Adobe\Animate CC 2019\en_US\Configuration\Classes\mx\controls\Alert.as
[copy]
C:\Users\mikeBoogz\AppData\Local\Adobe\Animate CC 2019\en_US\Configuration\Classes\mx\controls\Button.as
[copy]
C:\Users\mikeBoogz\AppData\Local\Adobe\Animate CC 2019\en_US\Configuration\Classes\mx\controls\CalendarLayout.as
[copy]
C:\Users\mikeBoogz\AppData\Local\Adobe\Animate CC 2019\en_US\Configuration\Classes\mx\controls\CheckBox.as
[copy]
C:\Users\mikeBoogz\AppData\Local\Adobe\Animate CC 2019\en_US\Configuration\Classes\mx\controls\ComboBase.as
[copy]
C:\Users\mikeBoogz\AppData\Local\Adobe\Animate CC 2019\en_US\Configuration\Classes\mx\controls\ComboBox.as
[copy]
C:\Users\mikeBoogz\AppData\Local\Adobe\Animate CC 2019\en_US\Configuration\Classes\mx\controls\CustomButton.as
[copy]
C:\Users\mikeBoogz\AppData\Local\Adobe\Animate CC 2019\en_US\Configuration\Classes\mx\controls\DataGrid.as
[copy]
C:\Users\mikeBoogz\AppData\Local\Adobe\Animate CC 2019\en_US\Configuration\Classes\mx\controls\DateChooser.as
[copy]
C:\Users\mikeBoogz\AppData\Local\Adobe\Animate CC 2019\en_US\Configuration\Classes\mx\controls\DateField.as
[copy]
C:\Users\mikeBoogz\AppData\Local\Adobe\Animate CC 2019\en_US\Configuration\Classes\mx\controls\HScrollBar.as
[copy]
C:\Users\mikeBoogz\AppData\Local\Adobe\Animate CC 2019\en_US\Configuration\Classes\mx\controls\Label.as
[copy]
C:\Users\mikeBoogz\AppData\Local\Adobe\Animate CC 2019\en_US\Configuration\Classes\mx\controls\List.as
[copy]
C:\Users\mikeBoogz\AppData\Local\Adobe\Animate CC 2019\en_US\Configuration\Classes\mx\controls\Loader.as
[copy]
C:\Users\mikeBoogz\AppData\Local\Adobe\Animate CC 2019\en_US\Configuration\Classes\mx\controls\MediaController.as
[copy]
C:\Users\mikeBoogz\AppData\Local\Adobe\Animate CC 2019\en_US\Configuration\Classes\mx\controls\MediaDisplay.as
[copy]
C:\Users\mikeBoogz\AppData\Local\Adobe\Animate CC 2019\en_US\Configuration\Classes\mx\controls\MediaPlayback.as
[copy]
C:\Users\mikeBoogz\AppData\Local\Adobe\Animate CC 2019\en_US\Configuration\Classes\mx\controls\Menu.as
[copy]
C:\Users\mikeBoogz\AppData\Local\Adobe\Animate CC 2019\en_US\Configuration\Classes\mx\controls\MenuBar.as
[copy]
C:\Users\mikeBoogz\AppData\Local\Adobe\Animate CC 2019\en_US\Configuration\Classes\mx\controls\NumericStepper.as
[copy]
C:\Users\mikeBoogz\AppData\Local\Adobe\Animate CC 2019\en_US\Configuration\Classes\mx\controls\ProgressBar.as
[copy]
C:\Users\mikeBoogz\AppData\Local\Adobe\Animate CC 2019\en_US\Configuration\Classes\mx\controls\RadioButton.as
[copy]
C:\Users\mikeBoogz\AppData\Local\Adobe\Animate CC 2019\en_US\Configuration\Classes\mx\controls\RadioButtonGroup.as
[copy]
C:\Users\mikeBoogz\AppData\Local\Adobe\Animate CC 2019\en_US\Configuration\Classes\mx\controls\SimpleButton.as
[copy]
C:\Users\mikeBoogz\AppData\Local\Adobe\Animate CC 2019\en_US\Configuration\Classes\mx\controls\TextArea.as
[copy]
C:\Users\mikeBoogz\AppData\Local\Adobe\Animate CC 2019\en_US\Configuration\Classes\mx\controls\TextInput.as
[copy]
C:\Users\mikeBoogz\AppData\Local\Adobe\Animate CC 2019\en_US\Configuration\Classes\mx\controls\Tree.as
[copy]
C:\Users\mikeBoogz\AppData\Local\Adobe\Animate CC 2019\en_US\Configuration\Classes\mx\controls\UIScrollBar.as
[copy]
C:\Users\mikeBoogz\AppData\Local\Adobe\Animate CC 2019\en_US\Configuration\Classes\mx\controls\VScrollBar.as
[create dir]
C:\Users\mikeBoogz\AppData\Local\Adobe\Animate CC 2019\en_US\Configuration\Classes\mx\controls\alertClasses
[copy]
C:\Users\mikeBoogz\AppData\Local\Adobe\Animate CC 2019\en_US\Configuration\Classes\mx\controls\alertClasses\AlertForm.as
[create dir]
C:\Users\mikeBoogz\AppData\Local\Adobe\Animate CC 2019\en_US\Configuration\Classes\mx\controls\cells
[copy]
C:\Users\mikeBoogz\AppData\Local\Adobe\Animate CC 2019\en_US\Configuration\Classes\mx\controls\cells\CheckCellRenderer.as
[create dir]
C:\Users\mikeBoogz\AppData\Local\Adobe\Animate CC 2019\en_US\Configuration\Classes\mx\controls\gridclasses
[copy]
C:\Users\mikeBoogz\AppData\Local\Adobe\Animate CC 2019\en_US\Configuration\Classes\mx\controls\gridclasses\DataGridColumn.as
[copy]
C:\Users\mikeBoogz\AppData\Local\Adobe\Animate CC 2019\en_US\Configuration\Classes\mx\controls\gridclasses\DataGridRow.as
[create dir]
C:\Users\mikeBoogz\AppData\Local\Adobe\Animate CC 2019\en_US\Configuration\Classes\mx\controls\listclasses
[copy]
C:\Users\mikeBoogz\AppData\Local\Adobe\Animate CC 2019\en_US\Configuration\Classes\mx\controls\listclasses\DataProvider.as
[copy]
C:\Users\mikeBoogz\AppData\Local\Adobe\Animate CC 2019\en_US\Configuration\Classes\mx\controls\listclasses\DataSelector.as
[copy]
C:\Users\mikeBoogz\AppData\Local\Adobe\Animate CC 2019\en_US\Configuration\Classes\mx\controls\listclasses\ScrollSelectList.as
[copy]
C:\Users\mikeBoogz\AppData\Local\Adobe\Animate CC 2019\en_US\Configuration\Classes\mx\controls\listclasses\SelectableRow.as
[create dir]
C:\Users\mikeBoogz\AppData\Local\Adobe\Animate CC 2019\en_US\Configuration\Classes\mx\controls\menuclasses
[copy]
C:\Users\mikeBoogz\AppData\Local\Adobe\Animate CC 2019\en_US\Configuration\Classes\mx\controls\menuclasses\MenuBarItem.as
[copy]
C:\Users\mikeBoogz\AppData\Local\Adobe\Animate CC 2019\en_US\Configuration\Classes\mx\controls\menuclasses\MenuDataProvider.as
[copy]
C:\Users\mikeBoogz\AppData\Local\Adobe\Animate CC 2019\en_US\Configuration\Classes\mx\controls\menuclasses\MenuRow.as
[create dir]
C:\Users\mikeBoogz\AppData\Local\Adobe\Animate CC 2019\en_US\Configuration\Classes\mx\controls\scrollClasses
[copy]
C:\Users\mikeBoogz\AppData\Local\Adobe\Animate CC 2019\en_US\Configuration\Classes\mx\controls\scrollClasses\ScrollBar.as
[copy]
C:\Users\mikeBoogz\AppData\Local\Adobe\Animate CC 2019\en_US\Configuration\Classes\mx\controls\scrollClasses\ScrollThumb.as
[create dir]
C:\Users\mikeBoogz\AppData\Local\Adobe\Animate CC 2019\en_US\Configuration\Classes\mx\controls\streamingmedia
[copy]
C:\Users\mikeBoogz\AppData\Local\Adobe\Animate CC 2019\en_US\Configuration\Classes\mx\controls\streamingmedia\AbstractPlayer.as
[copy]
C:\Users\mikeBoogz\AppData\Local\Adobe\Animate CC 2019\en_US\Configuration\Classes\mx\controls\streamingmedia\Chrome.as
[copy]
C:\Users\mikeBoogz\AppData\Local\Adobe\Animate CC 2019\en_US\Configuration\Classes\mx\controls\streamingmedia\CuePoint.as
[copy]
C:\Users\mikeBoogz\AppData\Local\Adobe\Animate CC 2019\en_US\Configuration\Classes\mx\controls\streamingmedia\FLVPlayer.as
[copy]
C:\Users\mikeBoogz\AppData\Local\Adobe\Animate CC 2019\en_US\Configuration\Classes\mx\controls\streamingmedia\FullScreenToggle.as
[copy]
C:\Users\mikeBoogz\AppData\Local\Adobe\Animate CC 2019\en_US\Configuration\Classes\mx\controls\streamingmedia\FullScreenToggleControl.as
[copy]
C:\Users\mikeBoogz\AppData\Local\Adobe\Animate CC 2019\en_US\Configuration\Classes\mx\controls\streamingmedia\HMiniPlayBarTray.as
[copy]
C:\Users\mikeBoogz\AppData\Local\Adobe\Animate CC 2019\en_US\Configuration\Classes\mx\controls\streamingmedia\HPlayBarTray.as
[copy]
C:\Users\mikeBoogz\AppData\Local\Adobe\Animate CC 2019\en_US\Configuration\Classes\mx\controls\streamingmedia\ICompletionMonitor.as
[copy]
C:\Users\mikeBoogz\AppData\Local\Adobe\Animate CC 2019\en_US\Configuration\Classes\mx\controls\streamingmedia\ICuePointHolder.as
[copy]
C:\Users\mikeBoogz\AppData\Local\Adobe\Animate CC 2019\en_US\Configuration\Classes\mx\controls\streamingmedia\IPlayer.as
[copy]
C:\Users\mikeBoogz\AppData\Local\Adobe\Animate CC 2019\en_US\Configuration\Classes\mx\controls\streamingmedia\LoadBar.as
[copy]
C:\Users\mikeBoogz\AppData\Local\Adobe\Animate CC 2019\en_US\Configuration\Classes\mx\controls\streamingmedia\LoudButton.as
[copy]
C:\Users\mikeBoogz\AppData\Local\Adobe\Animate CC 2019\en_US\Configuration\Classes\mx\controls\streamingmedia\MiniPlayBar.as
[copy]
C:\Users\mikeBoogz\AppData\Local\Adobe\Animate CC 2019\en_US\Configuration\Classes\mx\controls\streamingmedia\MP3Player.as
[copy]
C:\Users\mikeBoogz\AppData\Local\Adobe\Animate CC 2019\en_US\Configuration\Classes\mx\controls\streamingmedia\MuteButton.as
[copy]
C:\Users\mikeBoogz\AppData\Local\Adobe\Animate CC 2019\en_US\Configuration\Classes\mx\controls\streamingmedia\PauseButton.as
[copy]
C:\Users\mikeBoogz\AppData\Local\Adobe\Animate CC 2019\en_US\Configuration\Classes\mx\controls\streamingmedia\PlayBar.as
[copy]
C:\Users\mikeBoogz\AppData\Local\Adobe\Animate CC 2019\en_US\Configuration\Classes\mx\controls\streamingmedia\PlayBarThumb.as
[copy]
C:\Users\mikeBoogz\AppData\Local\Adobe\Animate CC 2019\en_US\Configuration\Classes\mx\controls\streamingmedia\PlayButton.as
[copy]
C:\Users\mikeBoogz\AppData\Local\Adobe\Animate CC 2019\en_US\Configuration\Classes\mx\controls\streamingmedia\PlayerNetStream.as
[copy]
C:\Users\mikeBoogz\AppData\Local\Adobe\Animate CC 2019\en_US\Configuration\Classes\mx\controls\streamingmedia\PlayPauseButton.as
[copy]
C:\Users\mikeBoogz\AppData\Local\Adobe\Animate CC 2019\en_US\Configuration\Classes\mx\controls\streamingmedia\RTMPConnection.as
[copy]
C:\Users\mikeBoogz\AppData\Local\Adobe\Animate CC 2019\en_US\Configuration\Classes\mx\controls\streamingmedia\RTMPPlayer.as
[copy]
C:\Users\mikeBoogz\AppData\Local\Adobe\Animate CC 2019\en_US\Configuration\Classes\mx\controls\streamingmedia\ScreenAccommodator.as
[copy]
C:\Users\mikeBoogz\AppData\Local\Adobe\Animate CC 2019\en_US\Configuration\Classes\mx\controls\streamingmedia\StreamingMediaConstants.as
[copy]
C:\Users\mikeBoogz\AppData\Local\Adobe\Animate CC 2019\en_US\Configuration\Classes\mx\controls\streamingmedia\ToEndButton.as
[copy]
C:\Users\mikeBoogz\AppData\Local\Adobe\Animate CC 2019\en_US\Configuration\Classes\mx\controls\streamingmedia\ToStartButton.as
[copy]
C:\Users\mikeBoogz\AppData\Local\Adobe\Animate CC 2019\en_US\Configuration\Classes\mx\controls\streamingmedia\Tracer.as
[copy]
C:\Users\mikeBoogz\AppData\Local\Adobe\Animate CC 2019\en_US\Configuration\Classes\mx\controls\streamingmedia\VMiniPlayBarTray.as
[copy]
C:\Users\mikeBoogz\AppData\Local\Adobe\Animate CC 2019\en_US\Configuration\Classes\mx\controls\streamingmedia\VolumeControl.as
[copy]
C:\Users\mikeBoogz\AppData\Local\Adobe\Animate CC 2019\en_US\Configuration\Classes\mx\controls\streamingmedia\VolumeControlHandle.as
[copy]
C:\Users\mikeBoogz\AppData\Local\Adobe\Animate CC 2019\en_US\Configuration\Classes\mx\controls\streamingmedia\VPlayBarTray.as
[create dir]
C:\Users\mikeBoogz\AppData\Local\Adobe\Animate CC 2019\en_US\Configuration\Classes\mx\controls\streamingmedia\behaviors
[copy]
C:\Users\mikeBoogz\AppData\Local\Adobe\Animate CC 2019\en_US\Configuration\Classes\mx\controls\streamingmedia\behaviors\NamedFrameCuePointListener.as
[copy]
C:\Users\mikeBoogz\AppData\Local\Adobe\Animate CC 2019\en_US\Configuration\Classes\mx\controls\streamingmedia\behaviors\ObjectCuePointListener.as
[copy]
C:\Users\mikeBoogz\AppData\Local\Adobe\Animate CC 2019\en_US\Configuration\Classes\mx\controls\streamingmedia\behaviors\SlideCuePointListener.as
[create dir]
C:\Users\mikeBoogz\AppData\Local\Adobe\Animate CC 2019\en_US\Configuration\Classes\mx\controls\streamingmedia\config
[copy]
C:\Users\mikeBoogz\AppData\Local\Adobe\Animate CC 2019\en_US\Configuration\Classes\mx\controls\streamingmedia\config\CuePoint.as
[copy]
C:\Users\mikeBoogz\AppData\Local\Adobe\Animate CC 2019\en_US\Configuration\Classes\mx\controls\streamingmedia\config\CuePointEditor.as
[copy]
C:\Users\mikeBoogz\AppData\Local\Adobe\Animate CC 2019\en_US\Configuration\Classes\mx\controls\streamingmedia\config\CuePointList.as
[copy]
C:\Users\mikeBoogz\AppData\Local\Adobe\Animate CC 2019\en_US\Configuration\Classes\mx\controls\streamingmedia\config\DisplayControls.as
[copy]
C:\Users\mikeBoogz\AppData\Local\Adobe\Animate CC 2019\en_US\Configuration\Classes\mx\controls\streamingmedia\config\FrameVideoTime.as
[copy]
C:\Users\mikeBoogz\AppData\Local\Adobe\Animate CC 2019\en_US\Configuration\Classes\mx\controls\streamingmedia\config\MediaConfig.as
[copy]
C:\Users\mikeBoogz\AppData\Local\Adobe\Animate CC 2019\en_US\Configuration\Classes\mx\controls\streamingmedia\config\MsVideoTime.as
[copy]
C:\Users\mikeBoogz\AppData\Local\Adobe\Animate CC 2019\en_US\Configuration\Classes\mx\controls\streamingmedia\config\PlayerControls.as
[copy]
C:\Users\mikeBoogz\AppData\Local\Adobe\Animate CC 2019\en_US\Configuration\Classes\mx\controls\streamingmedia\config\VideoTime.as
[create dir]
C:\Users\mikeBoogz\AppData\Local\Adobe\Animate CC 2019\en_US\Configuration\Classes\mx\controls\treeclasses
[copy]
C:\Users\mikeBoogz\AppData\Local\Adobe\Animate CC 2019\en_US\Configuration\Classes\mx\controls\treeclasses\TreeDataProvider.as
[copy]
C:\Users\mikeBoogz\AppData\Local\Adobe\Animate CC 2019\en_US\Configuration\Classes\mx\controls\treeclasses\TreeRow.as
[create dir]
C:\Users\mikeBoogz\AppData\Local\Adobe\Animate CC 2019\en_US\Configuration\Classes\mx\core
[copy]
C:\Users\mikeBoogz\AppData\Local\Adobe\Animate CC 2019\en_US\Configuration\Classes\mx\core\ComponentVersion.as
[copy]
C:\Users\mikeBoogz\AppData\Local\Adobe\Animate CC 2019\en_US\Configuration\Classes\mx\core\ExternalContent.as
[copy]
C:\Users\mikeBoogz\AppData\Local\Adobe\Animate CC 2019\en_US\Configuration\Classes\mx\core\MediaComponentVersion.as
[copy]
C:\Users\mikeBoogz\AppData\Local\Adobe\Animate CC 2019\en_US\Configuration\Classes\mx\core\ScrollView.as
[copy]
C:\Users\mikeBoogz\AppData\Local\Adobe\Animate CC 2019\en_US\Configuration\Classes\mx\core\UIComponent.as
[copy]
C:\Users\mikeBoogz\AppData\Local\Adobe\Animate CC 2019\en_US\Configuration\Classes\mx\core\UIObject.as
[copy]
C:\Users\mikeBoogz\AppData\Local\Adobe\Animate CC 2019\en_US\Configuration\Classes\mx\core\View.as
[create dir]
C:\Users\mikeBoogz\AppData\Local\Adobe\Animate CC 2019\en_US\Configuration\Classes\mx\core\ext
[copy]
C:\Users\mikeBoogz\AppData\Local\Adobe\Animate CC 2019\en_US\Configuration\Classes\mx\core\ext\UIComponentExtensions.as
[copy]
C:\Users\mikeBoogz\AppData\Local\Adobe\Animate CC 2019\en_US\Configuration\Classes\mx\core\ext\UIObjectExtensions.as
[create dir]
C:\Users\mikeBoogz\AppData\Local\Adobe\Animate CC 2019\en_US\Configuration\Classes\mx\data
[create dir]
C:\Users\mikeBoogz\AppData\Local\Adobe\Animate CC 2019\en_US\Configuration\Classes\mx\data\binding
[copy]
C:\Users\mikeBoogz\AppData\Local\Adobe\Animate CC 2019\en_US\Configuration\Classes\mx\data\binding\Binding.as
[copy]
C:\Users\mikeBoogz\AppData\Local\Adobe\Animate CC 2019\en_US\Configuration\Classes\mx\data\binding\ComponentMixins.as
[copy]
C:\Users\mikeBoogz\AppData\Local\Adobe\Animate CC 2019\en_US\Configuration\Classes\mx\data\binding\CustomFormatter.as
[copy]
C:\Users\mikeBoogz\AppData\Local\Adobe\Animate CC 2019\en_US\Configuration\Classes\mx\data\binding\CustomValidator.as
[copy]
C:\Users\mikeBoogz\AppData\Local\Adobe\Animate CC 2019\en_US\Configuration\Classes\mx\data\binding\DataAccessor.as
[copy]
C:\Users\mikeBoogz\AppData\Local\Adobe\Animate CC 2019\en_US\Configuration\Classes\mx\data\binding\DataType.as
[copy]
C:\Users\mikeBoogz\AppData\Local\Adobe\Animate CC 2019\en_US\Configuration\Classes\mx\data\binding\DateBase.as
[copy]
C:\Users\mikeBoogz\AppData\Local\Adobe\Animate CC 2019\en_US\Configuration\Classes\mx\data\binding\Encoder.as
[copy]
C:\Users\mikeBoogz\AppData\Local\Adobe\Animate CC 2019\en_US\Configuration\Classes\mx\data\binding\EndPoint.as
[copy]
C:\Users\mikeBoogz\AppData\Local\Adobe\Animate CC 2019\en_US\Configuration\Classes\mx\data\binding\FieldAccessor.as
[copy]
C:\Users\mikeBoogz\AppData\Local\Adobe\Animate CC 2019\en_US\Configuration\Classes\mx\data\binding\Formatter.as
[copy]
C:\Users\mikeBoogz\AppData\Local\Adobe\Animate CC 2019\en_US\Configuration\Classes\mx\data\binding\Kind.as
[copy]
C:\Users\mikeBoogz\AppData\Local\Adobe\Animate CC 2019\en_US\Configuration\Classes\mx\data\binding\Log.as
[copy]
C:\Users\mikeBoogz\AppData\Local\Adobe\Animate CC 2019\en_US\Configuration\Classes\mx\data\binding\ObjectDumper.as
[copy]
C:\Users\mikeBoogz\AppData\Local\Adobe\Animate CC 2019\en_US\Configuration\Classes\mx\data\binding\TypedValue.as
[create dir]
C:\Users\mikeBoogz\AppData\Local\Adobe\Animate CC 2019\en_US\Configuration\Classes\mx\data\components
[copy]
C:\Users\mikeBoogz\AppData\Local\Adobe\Animate CC 2019\en_US\Configuration\Classes\mx\data\components\DataBinding.as
[copy]
C:\Users\mikeBoogz\AppData\Local\Adobe\Animate CC 2019\en_US\Configuration\Classes\mx\data\components\DataHolder.as
[copy]
C:\Users\mikeBoogz\AppData\Local\Adobe\Animate CC 2019\en_US\Configuration\Classes\mx\data\components\DataSet.as
[copy]
C:\Users\mikeBoogz\AppData\Local\Adobe\Animate CC 2019\en_US\Configuration\Classes\mx\data\components\RDBMSResolver.as
[copy]
C:\Users\mikeBoogz\AppData\Local\Adobe\Animate CC 2019\en_US\Configuration\Classes\mx\data\components\WebServiceConnector.as
[copy]
C:\Users\mikeBoogz\AppData\Local\Adobe\Animate CC 2019\en_US\Configuration\Classes\mx\data\components\WebServices.as
[copy]
C:\Users\mikeBoogz\AppData\Local\Adobe\Animate CC 2019\en_US\Configuration\Classes\mx\data\components\XMLConnector.as
[copy]
C:\Users\mikeBoogz\AppData\Local\Adobe\Animate CC 2019\en_US\Configuration\Classes\mx\data\components\XUpdateResolver.as
[create dir]
C:\Users\mikeBoogz\AppData\Local\Adobe\Animate CC 2019\en_US\Configuration\Classes\mx\data\components\connclasses
[copy]
C:\Users\mikeBoogz\AppData\Local\Adobe\Animate CC 2019\en_US\Configuration\Classes\mx\data\components\connclasses\RPCCall.as
[create dir]
C:\Users\mikeBoogz\AppData\Local\Adobe\Animate CC 2019\en_US\Configuration\Classes\mx\data\components\datasetclasses
[copy]
C:\Users\mikeBoogz\AppData\Local\Adobe\Animate CC 2019\en_US\Configuration\Classes\mx\data\components\datasetclasses\DataSetDataProvider.as
[copy]
C:\Users\mikeBoogz\AppData\Local\Adobe\Animate CC 2019\en_US\Configuration\Classes\mx\data\components\datasetclasses\DataSetError.as
[copy]
C:\Users\mikeBoogz\AppData\Local\Adobe\Animate CC 2019\en_US\Configuration\Classes\mx\data\components\datasetclasses\DataSetIterator.as
[copy]
C:\Users\mikeBoogz\AppData\Local\Adobe\Animate CC 2019\en_US\Configuration\Classes\mx\data\components\datasetclasses\Delta.as
[copy]
C:\Users\mikeBoogz\AppData\Local\Adobe\Animate CC 2019\en_US\Configuration\Classes\mx\data\components\datasetclasses\DeltaImpl.as
[copy]
C:\Users\mikeBoogz\AppData\Local\Adobe\Animate CC 2019\en_US\Configuration\Classes\mx\data\components\datasetclasses\DeltaItem.as
[copy]
C:\Users\mikeBoogz\AppData\Local\Adobe\Animate CC 2019\en_US\Configuration\Classes\mx\data\components\datasetclasses\DeltaPacket.as
[copy]
C:\Users\mikeBoogz\AppData\Local\Adobe\Animate CC 2019\en_US\Configuration\Classes\mx\data\components\datasetclasses\DeltaPacketConsts.as
[copy]
C:\Users\mikeBoogz\AppData\Local\Adobe\Animate CC 2019\en_US\Configuration\Classes\mx\data\components\datasetclasses\DeltaPacketImpl.as
[copy]
C:\Users\mikeBoogz\AppData\Local\Adobe\Animate CC 2019\en_US\Configuration\Classes\mx\data\components\datasetclasses\DeltaTreeDataProvider.as
[create dir]
C:\Users\mikeBoogz\AppData\Local\Adobe\Animate CC 2019\en_US\Configuration\Classes\mx\data\components\resclasses
[copy]
C:\Users\mikeBoogz\AppData\Local\Adobe\Animate CC 2019\en_US\Configuration\Classes\mx\data\components\resclasses\FieldInfoItem.as
[create dir]
C:\Users\mikeBoogz\AppData\Local\Adobe\Animate CC 2019\en_US\Configuration\Classes\mx\data\encoders
[copy]
C:\Users\mikeBoogz\AppData\Local\Adobe\Animate CC 2019\en_US\Configuration\Classes\mx\data\encoders\Bool.as
[copy]
C:\Users\mikeBoogz\AppData\Local\Adobe\Animate CC 2019\en_US\Configuration\Classes\mx\data\encoders\DatasetDeltaToXUpdateDelta.as
[copy]
C:\Users\mikeBoogz\AppData\Local\Adobe\Animate CC 2019\en_US\Configuration\Classes\mx\data\encoders\DateToNumber.as
[copy]
C:\Users\mikeBoogz\AppData\Local\Adobe\Animate CC 2019\en_US\Configuration\Classes\mx\data\encoders\Dte.as
[copy]
C:\Users\mikeBoogz\AppData\Local\Adobe\Animate CC 2019\en_US\Configuration\Classes\mx\data\encoders\Num.as
[create dir]
C:\Users\mikeBoogz\AppData\Local\Adobe\Animate CC 2019\en_US\Configuration\Classes\mx\data\formatters
[copy]
C:\Users\mikeBoogz\AppData\Local\Adobe\Animate CC 2019\en_US\Configuration\Classes\mx\data\formatters\Bool.as
[copy]
C:\Users\mikeBoogz\AppData\Local\Adobe\Animate CC 2019\en_US\Configuration\Classes\mx\data\formatters\ComposeString.as
[copy]
C:\Users\mikeBoogz\AppData\Local\Adobe\Animate CC 2019\en_US\Configuration\Classes\mx\data\formatters\Custom.as
[copy]
C:\Users\mikeBoogz\AppData\Local\Adobe\Animate CC 2019\en_US\Configuration\Classes\mx\data\formatters\Dte.as
[copy]
C:\Users\mikeBoogz\AppData\Local\Adobe\Animate CC 2019\en_US\Configuration\Classes\mx\data\formatters\NumberFormatter.as
[copy]
C:\Users\mikeBoogz\AppData\Local\Adobe\Animate CC 2019\en_US\Configuration\Classes\mx\data\formatters\RearrangeFields.as
[create dir]
C:\Users\mikeBoogz\AppData\Local\Adobe\Animate CC 2019\en_US\Configuration\Classes\mx\data\kinds
[copy]
C:\Users\mikeBoogz\AppData\Local\Adobe\Animate CC 2019\en_US\Configuration\Classes\mx\data\kinds\ArrayForeignKey.as
[copy]
C:\Users\mikeBoogz\AppData\Local\Adobe\Animate CC 2019\en_US\Configuration\Classes\mx\data\kinds\AutoTrigger.as
[copy]
C:\Users\mikeBoogz\AppData\Local\Adobe\Animate CC 2019\en_US\Configuration\Classes\mx\data\kinds\Calculated.as
[copy]
C:\Users\mikeBoogz\AppData\Local\Adobe\Animate CC 2019\en_US\Configuration\Classes\mx\data\kinds\Data.as
[copy]
C:\Users\mikeBoogz\AppData\Local\Adobe\Animate CC 2019\en_US\Configuration\Classes\mx\data\kinds\ForeignKeyAPI.as
[copy]
C:\Users\mikeBoogz\AppData\Local\Adobe\Animate CC 2019\en_US\Configuration\Classes\mx\data\kinds\Lookup.as
[create dir]
C:\Users\mikeBoogz\AppData\Local\Adobe\Animate CC 2019\en_US\Configuration\Classes\mx\data\to
[copy]
C:\Users\mikeBoogz\AppData\Local\Adobe\Animate CC 2019\en_US\Configuration\Classes\mx\data\to\TransferObject.as
[copy]
C:\Users\mikeBoogz\AppData\Local\Adobe\Animate CC 2019\en_US\Configuration\Classes\mx\data\to\ValueListIterator.as
[create dir]
C:\Users\mikeBoogz\AppData\Local\Adobe\Animate CC 2019\en_US\Configuration\Classes\mx\data\types
[copy]
C:\Users\mikeBoogz\AppData\Local\Adobe\Animate CC 2019\en_US\Configuration\Classes\mx\data\types\Bool.as
[copy]
C:\Users\mikeBoogz\AppData\Local\Adobe\Animate CC 2019\en_US\Configuration\Classes\mx\data\types\Custom.as
[copy]
C:\Users\mikeBoogz\AppData\Local\Adobe\Animate CC 2019\en_US\Configuration\Classes\mx\data\types\DataProvider.as
[copy]
C:\Users\mikeBoogz\AppData\Local\Adobe\Animate CC 2019\en_US\Configuration\Classes\mx\data\types\Dte.as
[copy]
C:\Users\mikeBoogz\AppData\Local\Adobe\Animate CC 2019\en_US\Configuration\Classes\mx\data\types\Int.as
[copy]
C:\Users\mikeBoogz\AppData\Local\Adobe\Animate CC 2019\en_US\Configuration\Classes\mx\data\types\Num.as
[copy]
C:\Users\mikeBoogz\AppData\Local\Adobe\Animate CC 2019\en_US\Configuration\Classes\mx\data\types\Obj.as
[copy]
C:\Users\mikeBoogz\AppData\Local\Adobe\Animate CC 2019\en_US\Configuration\Classes\mx\data\types\PhoneNumber.as
[copy]
C:\Users\mikeBoogz\AppData\Local\Adobe\Animate CC 2019\en_US\Configuration\Classes\mx\data\types\SocialSecurity.as
[copy]
C:\Users\mikeBoogz\AppData\Local\Adobe\Animate CC 2019\en_US\Configuration\Classes\mx\data\types\Str.as
[copy]
C:\Users\mikeBoogz\AppData\Local\Adobe\Animate CC 2019\en_US\Configuration\Classes\mx\data\types\Xm.as
[copy]
C:\Users\mikeBoogz\AppData\Local\Adobe\Animate CC 2019\en_US\Configuration\Classes\mx\data\types\ZipCode.as
[create dir]
C:\Users\mikeBoogz\AppData\Local\Adobe\Animate CC 2019\en_US\Configuration\Classes\mx\effects
[copy]
C:\Users\mikeBoogz\AppData\Local\Adobe\Animate CC 2019\en_US\Configuration\Classes\mx\effects\Tween.as
[create dir]
C:\Users\mikeBoogz\AppData\Local\Adobe\Animate CC 2019\en_US\Configuration\Classes\mx\events
[copy]
C:\Users\mikeBoogz\AppData\Local\Adobe\Animate CC 2019\en_US\Configuration\Classes\mx\events\EventDispatcher.as
[copy]
C:\Users\mikeBoogz\AppData\Local\Adobe\Animate CC 2019\en_US\Configuration\Classes\mx\events\LowLevelEvents.as
[copy]
C:\Users\mikeBoogz\AppData\Local\Adobe\Animate CC 2019\en_US\Configuration\Classes\mx\events\UIEventDispatcher.as
[create dir]
C:\Users\mikeBoogz\AppData\Local\Adobe\Animate CC 2019\en_US\Configuration\Classes\mx\lang
[copy]
C:\Users\mikeBoogz\AppData\Local\Adobe\Animate CC 2019\en_US\Configuration\Classes\mx\lang\Locale.as
[create dir]
C:\Users\mikeBoogz\AppData\Local\Adobe\Animate CC 2019\en_US\Configuration\Classes\mx\managers
[copy]
C:\Users\mikeBoogz\AppData\Local\Adobe\Animate CC 2019\en_US\Configuration\Classes\mx\managers\DepthManager.as
[copy]
C:\Users\mikeBoogz\AppData\Local\Adobe\Animate CC 2019\en_US\Configuration\Classes\mx\managers\FocusManager.as
[copy]
C:\Users\mikeBoogz\AppData\Local\Adobe\Animate CC 2019\en_US\Configuration\Classes\mx\managers\OverlappedWindows.as
[copy]
C:\Users\mikeBoogz\AppData\Local\Adobe\Animate CC 2019\en_US\Configuration\Classes\mx\managers\PopUpManager.as
[copy]
C:\Users\mikeBoogz\AppData\Local\Adobe\Animate CC 2019\en_US\Configuration\Classes\mx\managers\SystemManager.as
[create dir]
C:\Users\mikeBoogz\AppData\Local\Adobe\Animate CC 2019\en_US\Configuration\Classes\mx\screens
[copy]
C:\Users\mikeBoogz\AppData\Local\Adobe\Animate CC 2019\en_US\Configuration\Classes\mx\screens\Form.as
[copy]
C:\Users\mikeBoogz\AppData\Local\Adobe\Animate CC 2019\en_US\Configuration\Classes\mx\screens\Screen.as
[copy]
C:\Users\mikeBoogz\AppData\Local\Adobe\Animate CC 2019\en_US\Configuration\Classes\mx\screens\Slide.as
[create dir]
C:\Users\mikeBoogz\AppData\Local\Adobe\Animate CC 2019\en_US\Configuration\Classes\mx\services
[copy]
C:\Users\mikeBoogz\AppData\Local\Adobe\Animate CC 2019\en_US\Configuration\Classes\mx\services\ArrayProxy.as
[copy]
C:\Users\mikeBoogz\AppData\Local\Adobe\Animate CC 2019\en_US\Configuration\Classes\mx\services\DataType.as
[copy]
C:\Users\mikeBoogz\AppData\Local\Adobe\Animate CC 2019\en_US\Configuration\Classes\mx\services\ElementDecl.as
[copy]
C:\Users\mikeBoogz\AppData\Local\Adobe\Animate CC 2019\en_US\Configuration\Classes\mx\services\Log.as
[copy]
C:\Users\mikeBoogz\AppData\Local\Adobe\Animate CC 2019\en_US\Configuration\Classes\mx\services\Namespace.as
[copy]
C:\Users\mikeBoogz\AppData\Local\Adobe\Animate CC 2019\en_US\Configuration\Classes\mx\services\PendingCall.as
[copy]
C:\Users\mikeBoogz\AppData\Local\Adobe\Animate CC 2019\en_US\Configuration\Classes\mx\services\PrefixedQName.as
[copy]
C:\Users\mikeBoogz\AppData\Local\Adobe\Animate CC 2019\en_US\Configuration\Classes\mx\services\QName.as
[copy]
C:\Users\mikeBoogz\AppData\Local\Adobe\Animate CC 2019\en_US\Configuration\Classes\mx\services\RowSetProxy.as
[copy]
C:\Users\mikeBoogz\AppData\Local\Adobe\Animate CC 2019\en_US\Configuration\Classes\mx\services\Schema.as
[copy]
C:\Users\mikeBoogz\AppData\Local\Adobe\Animate CC 2019\en_US\Configuration\Classes\mx\services\SchemaContext.as
[copy]
C:\Users\mikeBoogz\AppData\Local\Adobe\Animate CC 2019\en_US\Configuration\Classes\mx\services\SchemaVersion.as
[copy]
C:\Users\mikeBoogz\AppData\Local\Adobe\Animate CC 2019\en_US\Configuration\Classes\mx\services\ServiceManager.as
[copy]
C:\Users\mikeBoogz\AppData\Local\Adobe\Animate CC 2019\en_US\Configuration\Classes\mx\services\SOAPCall.as
[copy]
C:\Users\mikeBoogz\AppData\Local\Adobe\Animate CC 2019\en_US\Configuration\Classes\mx\services\SOAPConstants.as
[copy]
C:\Users\mikeBoogz\AppData\Local\Adobe\Animate CC 2019\en_US\Configuration\Classes\mx\services\SOAPFault.as
[copy]
C:\Users\mikeBoogz\AppData\Local\Adobe\Animate CC 2019\en_US\Configuration\Classes\mx\services\SOAPHeader.as
[copy]
C:\Users\mikeBoogz\AppData\Local\Adobe\Animate CC 2019\en_US\Configuration\Classes\mx\services\SOAPParameter.as
[copy]
C:\Users\mikeBoogz\AppData\Local\Adobe\Animate CC 2019\en_US\Configuration\Classes\mx\services\WebService.as
[copy]
C:\Users\mikeBoogz\AppData\Local\Adobe\Animate CC 2019\en_US\Configuration\Classes\mx\services\WebServiceProxy.as
[copy]
C:\Users\mikeBoogz\AppData\Local\Adobe\Animate CC 2019\en_US\Configuration\Classes\mx\services\WSDL.as
[copy]
C:\Users\mikeBoogz\AppData\Local\Adobe\Animate CC 2019\en_US\Configuration\Classes\mx\services\WSDLConstants.as
[copy]
C:\Users\mikeBoogz\AppData\Local\Adobe\Animate CC 2019\en_US\Configuration\Classes\mx\services\WSDLDocument.as
[copy]
C:\Users\mikeBoogz\AppData\Local\Adobe\Animate CC 2019\en_US\Configuration\Classes\mx\services\WSDLOperation.as
[create dir]
C:\Users\mikeBoogz\AppData\Local\Adobe\Animate CC 2019\en_US\Configuration\Classes\mx\skins
[copy]
C:\Users\mikeBoogz\AppData\Local\Adobe\Animate CC 2019\en_US\Configuration\Classes\mx\skins\Border.as
[copy]
C:\Users\mikeBoogz\AppData\Local\Adobe\Animate CC 2019\en_US\Configuration\Classes\mx\skins\ColoredSkinElement.as
[copy]
C:\Users\mikeBoogz\AppData\Local\Adobe\Animate CC 2019\en_US\Configuration\Classes\mx\skins\CustomBorder.as
[copy]
C:\Users\mikeBoogz\AppData\Local\Adobe\Animate CC 2019\en_US\Configuration\Classes\mx\skins\RectBorder.as
[copy]
C:\Users\mikeBoogz\AppData\Local\Adobe\Animate CC 2019\en_US\Configuration\Classes\mx\skins\SkinElement.as
[create dir]
C:\Users\mikeBoogz\AppData\Local\Adobe\Animate CC 2019\en_US\Configuration\Classes\mx\skins\halo
[copy]
C:\Users\mikeBoogz\AppData\Local\Adobe\Animate CC 2019\en_US\Configuration\Classes\mx\skins\halo\AccordionHeaderSkin.as
[copy]
C:\Users\mikeBoogz\AppData\Local\Adobe\Animate CC 2019\en_US\Configuration\Classes\mx\skins\halo\ActivatorSkin.as
[copy]
C:\Users\mikeBoogz\AppData\Local\Adobe\Animate CC 2019\en_US\Configuration\Classes\mx\skins\halo\ButtonSkin.as
[copy]
C:\Users\mikeBoogz\AppData\Local\Adobe\Animate CC 2019\en_US\Configuration\Classes\mx\skins\halo\Defaults.as
[copy]
C:\Users\mikeBoogz\AppData\Local\Adobe\Animate CC 2019\en_US\Configuration\Classes\mx\skins\halo\FocusRect.as
[copy]
C:\Users\mikeBoogz\AppData\Local\Adobe\Animate CC 2019\en_US\Configuration\Classes\mx\skins\halo\RectBorder.as
[create dir]
C:\Users\mikeBoogz\AppData\Local\Adobe\Animate CC 2019\en_US\Configuration\Classes\mx\skins\sample
[copy]
C:\Users\mikeBoogz\AppData\Local\Adobe\Animate CC 2019\en_US\Configuration\Classes\mx\skins\sample\ActivatorSkin.as
[copy]
C:\Users\mikeBoogz\AppData\Local\Adobe\Animate CC 2019\en_US\Configuration\Classes\mx\skins\sample\ButtonSkin.as
[copy]
C:\Users\mikeBoogz\AppData\Local\Adobe\Animate CC 2019\en_US\Configuration\Classes\mx\skins\sample\Defaults.as
[copy]
C:\Users\mikeBoogz\AppData\Local\Adobe\Animate CC 2019\en_US\Configuration\Classes\mx\skins\sample\FocusRect.as
[copy]
C:\Users\mikeBoogz\AppData\Local\Adobe\Animate CC 2019\en_US\Configuration\Classes\mx\skins\sample\RectBorder.as
[create dir]
C:\Users\mikeBoogz\AppData\Local\Adobe\Animate CC 2019\en_US\Configuration\Classes\mx\styles
[copy]
C:\Users\mikeBoogz\AppData\Local\Adobe\Animate CC 2019\en_US\Configuration\Classes\mx\styles\CSSSetStyle.as
[copy]
C:\Users\mikeBoogz\AppData\Local\Adobe\Animate CC 2019\en_US\Configuration\Classes\mx\styles\CSSStyleDeclaration.as
[copy]
C:\Users\mikeBoogz\AppData\Local\Adobe\Animate CC 2019\en_US\Configuration\Classes\mx\styles\CSSTextStyles.as
[copy]
C:\Users\mikeBoogz\AppData\Local\Adobe\Animate CC 2019\en_US\Configuration\Classes\mx\styles\StyleManager.as
[create dir]
C:\Users\mikeBoogz\AppData\Local\Adobe\Animate CC 2019\en_US\Configuration\Classes\mx\transitions
[copy]
C:\Users\mikeBoogz\AppData\Local\Adobe\Animate CC 2019\en_US\Configuration\Classes\mx\transitions\Blinds.as
[copy]
C:\Users\mikeBoogz\AppData\Local\Adobe\Animate CC 2019\en_US\Configuration\Classes\mx\transitions\BroadcasterMX.as
[copy]
C:\Users\mikeBoogz\AppData\Local\Adobe\Animate CC 2019\en_US\Configuration\Classes\mx\transitions\Fade.as
[copy]
C:\Users\mikeBoogz\AppData\Local\Adobe\Animate CC 2019\en_US\Configuration\Classes\mx\transitions\Fly.as
[copy]
C:\Users\mikeBoogz\AppData\Local\Adobe\Animate CC 2019\en_US\Configuration\Classes\mx\transitions\Iris.as
[copy]
C:\Users\mikeBoogz\AppData\Local\Adobe\Animate CC 2019\en_US\Configuration\Classes\mx\transitions\OnEnterFrameBeacon.as
[copy]
C:\Users\mikeBoogz\AppData\Local\Adobe\Animate CC 2019\en_US\Configuration\Classes\mx\transitions\Photo.as
[copy]
C:\Users\mikeBoogz\AppData\Local\Adobe\Animate CC 2019\en_US\Configuration\Classes\mx\transitions\PixelDissolve.as
[copy]
C:\Users\mikeBoogz\AppData\Local\Adobe\Animate CC 2019\en_US\Configuration\Classes\mx\transitions\Rotate.as
[copy]
C:\Users\mikeBoogz\AppData\Local\Adobe\Animate CC 2019\en_US\Configuration\Classes\mx\transitions\Squeeze.as
[copy]
C:\Users\mikeBoogz\AppData\Local\Adobe\Animate CC 2019\en_US\Configuration\Classes\mx\transitions\Transition.as
[copy]
C:\Users\mikeBoogz\AppData\Local\Adobe\Animate CC 2019\en_US\Configuration\Classes\mx\transitions\TransitionManager.as
[copy]
C:\Users\mikeBoogz\AppData\Local\Adobe\Animate CC 2019\en_US\Configuration\Classes\mx\transitions\Tween.as
[copy]
C:\Users\mikeBoogz\AppData\Local\Adobe\Animate CC 2019\en_US\Configuration\Classes\mx\transitions\Version.as
[copy]
C:\Users\mikeBoogz\AppData\Local\Adobe\Animate CC 2019\en_US\Configuration\Classes\mx\transitions\Wipe.as
[copy]
C:\Users\mikeBoogz\AppData\Local\Adobe\Animate CC 2019\en_US\Configuration\Classes\mx\transitions\Zoom.as
[create dir]
C:\Users\mikeBoogz\AppData\Local\Adobe\Animate CC 2019\en_US\Configuration\Classes\mx\transitions\easing
[copy]
C:\Users\mikeBoogz\AppData\Local\Adobe\Animate CC 2019\en_US\Configuration\Classes\mx\transitions\easing\Back.as
[copy]
C:\Users\mikeBoogz\AppData\Local\Adobe\Animate CC 2019\en_US\Configuration\Classes\mx\transitions\easing\Bounce.as
[copy]
C:\Users\mikeBoogz\AppData\Local\Adobe\Animate CC 2019\en_US\Configuration\Classes\mx\transitions\easing\Elastic.as
[copy]
C:\Users\mikeBoogz\AppData\Local\Adobe\Animate CC 2019\en_US\Configuration\Classes\mx\transitions\easing\None.as
[copy]
C:\Users\mikeBoogz\AppData\Local\Adobe\Animate CC 2019\en_US\Configuration\Classes\mx\transitions\easing\Regular.as
[copy]
C:\Users\mikeBoogz\AppData\Local\Adobe\Animate CC 2019\en_US\Configuration\Classes\mx\transitions\easing\Strong.as
[create dir]
C:\Users\mikeBoogz\AppData\Local\Adobe\Animate CC 2019\en_US\Configuration\Classes\mx\utils
[copy]
C:\Users\mikeBoogz\AppData\Local\Adobe\Animate CC 2019\en_US\Configuration\Classes\mx\utils\ClassFinder.as
[copy]
C:\Users\mikeBoogz\AppData\Local\Adobe\Animate CC 2019\en_US\Configuration\Classes\mx\utils\Collection.as
[copy]
C:\Users\mikeBoogz\AppData\Local\Adobe\Animate CC 2019\en_US\Configuration\Classes\mx\utils\CollectionImpl.as
[copy]
C:\Users\mikeBoogz\AppData\Local\Adobe\Animate CC 2019\en_US\Configuration\Classes\mx\utils\Delegate.as
[copy]
C:\Users\mikeBoogz\AppData\Local\Adobe\Animate CC 2019\en_US\Configuration\Classes\mx\utils\ErrorStrings.as
[copy]
C:\Users\mikeBoogz\AppData\Local\Adobe\Animate CC 2019\en_US\Configuration\Classes\mx\utils\Iterator.as
[copy]
C:\Users\mikeBoogz\AppData\Local\Adobe\Animate CC 2019\en_US\Configuration\Classes\mx\utils\IteratorImpl.as
[copy]
C:\Users\mikeBoogz\AppData\Local\Adobe\Animate CC 2019\en_US\Configuration\Classes\mx\utils\ObjectCopy.as
[copy]
C:\Users\mikeBoogz\AppData\Local\Adobe\Animate CC 2019\en_US\Configuration\Classes\mx\utils\StringFormatter.as
[copy]
C:\Users\mikeBoogz\AppData\Local\Adobe\Animate CC 2019\en_US\Configuration\Classes\mx\utils\StringTokenParser.as
[copy]
C:\Users\mikeBoogz\AppData\Local\Adobe\Animate CC 2019\en_US\Configuration\Classes\mx\utils\Utils.as
[copy]
C:\Users\mikeBoogz\AppData\Local\Adobe\Animate CC 2019\en_US\Configuration\Classes\mx\utils\XMLString.as
[create dir]
C:\Users\mikeBoogz\AppData\Local\Adobe\Animate CC 2019\en_US\Configuration\Classes\mx\video
[copy]
C:\Users\mikeBoogz\AppData\Local\Adobe\Animate CC 2019\en_US\Configuration\Classes\mx\video\ComponentVersion.as
[copy]
C:\Users\mikeBoogz\AppData\Local\Adobe\Animate CC 2019\en_US\Configuration\Classes\mx\video\CuePointManager.as
[copy]
C:\Users\mikeBoogz\AppData\Local\Adobe\Animate CC 2019\en_US\Configuration\Classes\mx\video\FLVPlayback.as
[copy]
C:\Users\mikeBoogz\AppData\Local\Adobe\Animate CC 2019\en_US\Configuration\Classes\mx\video\FPADManager.as
[copy]
C:\Users\mikeBoogz\AppData\Local\Adobe\Animate CC 2019\en_US\Configuration\Classes\mx\video\INCManager.as
[copy]
C:\Users\mikeBoogz\AppData\Local\Adobe\Animate CC 2019\en_US\Configuration\Classes\mx\video\NCManager.as
[copy]
C:\Users\mikeBoogz\AppData\Local\Adobe\Animate CC 2019\en_US\Configuration\Classes\mx\video\SMILManager.as
[copy]
C:\Users\mikeBoogz\AppData\Local\Adobe\Animate CC 2019\en_US\Configuration\Classes\mx\video\UIManager.as
[copy]
C:\Users\mikeBoogz\AppData\Local\Adobe\Animate CC 2019\en_US\Configuration\Classes\mx\video\VideoError.as
[copy]
C:\Users\mikeBoogz\AppData\Local\Adobe\Animate CC 2019\en_US\Configuration\Classes\mx\video\VideoPlayer.as
[create dir]
C:\Users\mikeBoogz\AppData\Local\Adobe\Animate CC 2019\en_US\Configuration\Classes\mx\xpath
[copy]
C:\Users\mikeBoogz\AppData\Local\Adobe\Animate CC 2019\en_US\Configuration\Classes\mx\xpath\FilterExpr.as
[copy]
C:\Users\mikeBoogz\AppData\Local\Adobe\Animate CC 2019\en_US\Configuration\Classes\mx\xpath\FilterStack.as
[copy]
C:\Users\mikeBoogz\AppData\Local\Adobe\Animate CC 2019\en_US\Configuration\Classes\mx\xpath\NodePathInfo.as
[copy]
C:\Users\mikeBoogz\AppData\Local\Adobe\Animate CC 2019\en_US\Configuration\Classes\mx\xpath\XPathAPI.as
[create dir]
C:\Users\mikeBoogz\AppData\Local\Adobe\Animate CC 2019\en_US\Configuration\Color Sets
[copy]
C:\Users\mikeBoogz\AppData\Local\Adobe\Animate CC 2019\en_US\Configuration\Color Sets\greyscale.clr
[copy]
C:\Users\mikeBoogz\AppData\Local\Adobe\Animate CC 2019\en_US\Configuration\Color Sets\mac.clr
[copy]
C:\Users\mikeBoogz\AppData\Local\Adobe\Animate CC 2019\en_US\Configuration\Color Sets\tone.clr
[copy]
C:\Users\mikeBoogz\AppData\Local\Adobe\Animate CC 2019\en_US\Configuration\Color Sets\windows.clr
[create dir]
C:\Users\mikeBoogz\AppData\Local\Adobe\Animate CC 2019\en_US\Configuration\Commands
[copy]
C:\Users\mikeBoogz\AppData\Local\Adobe\Animate CC 2019\en_US\Configuration\Commands\Copy Font Name for ActionScript.jsfl
[copy]
C:\Users\mikeBoogz\AppData\Local\Adobe\Animate CC 2019\en_US\Configuration\Commands\Copy Motion as XML.jsfl
[copy]
C:\Users\mikeBoogz\AppData\Local\Adobe\Animate CC 2019\en_US\Configuration\Commands\Export Motion XML.jsfl
[copy]
C:\Users\mikeBoogz\AppData\Local\Adobe\Animate CC 2019\en_US\Configuration\Commands\Import Motion XML.jsfl
[create dir]
C:\Users\mikeBoogz\AppData\Local\Adobe\Animate CC 2019\en_US\Configuration\Debugger
[copy]
C:\Users\mikeBoogz\AppData\Local\Adobe\Animate CC 2019\en_US\Configuration\Debugger\DebugWorkspace.xml
[create dir]
C:\Users\mikeBoogz\AppData\Local\Adobe\Animate CC 2019\en_US\Configuration\Detection
[copy]
C:\Users\mikeBoogz\AppData\Local\Adobe\Animate CC 2019\en_US\Configuration\Detection\PlayerVersions.xml
[create dir]
C:\Users\mikeBoogz\AppData\Local\Adobe\Animate CC 2019\en_US\Configuration\HTML5Components
[create dir]
C:\Users\mikeBoogz\AppData\Local\Adobe\Animate CC 2019\en_US\Configuration\HTML5Components\sdk
[copy]
C:\Users\mikeBoogz\AppData\Local\Adobe\Animate CC 2019\en_US\Configuration\HTML5Components\sdk\anwidget.js
[create dir]
C:\Users\mikeBoogz\AppData\Local\Adobe\Animate CC 2019\en_US\Configuration\Javascript
[copy]
C:\Users\mikeBoogz\AppData\Local\Adobe\Animate CC 2019\en_US\Configuration\Javascript\CopyMotion.jsfl
[copy]
C:\Users\mikeBoogz\AppData\Local\Adobe\Animate CC 2019\en_US\Configuration\Javascript\CopyMotionAsAS3.jsfl
[copy]
C:\Users\mikeBoogz\AppData\Local\Adobe\Animate CC 2019\en_US\Configuration\Javascript\CopyMotionAsAS3Template.as
[copy]
C:\Users\mikeBoogz\AppData\Local\Adobe\Animate CC 2019\en_US\Configuration\Javascript\DeployVideo.jsfl
[copy]
C:\Users\mikeBoogz\AppData\Local\Adobe\Animate CC 2019\en_US\Configuration\Javascript\DeployVideoPreview.jsfl
[copy]
C:\Users\mikeBoogz\AppData\Local\Adobe\Animate CC 2019\en_US\Configuration\Javascript\FLVPlayback.jsfl
[copy]
C:\Users\mikeBoogz\AppData\Local\Adobe\Animate CC 2019\en_US\Configuration\Javascript\InvertSelection.jsfl
[copy]
C:\Users\mikeBoogz\AppData\Local\Adobe\Animate CC 2019\en_US\Configuration\Javascript\PasteMotion.jsfl
[copy]
C:\Users\mikeBoogz\AppData\Local\Adobe\Animate CC 2019\en_US\Configuration\Javascript\PasteMotionSpecial.jsfl
[create dir]
C:\Users\mikeBoogz\AppData\Local\Adobe\Animate CC 2019\en_US\Configuration\Projector
[copy]
C:\Users\mikeBoogz\AppData\Local\Adobe\Animate CC 2019\en_US\Configuration\Projector\createprojector.exe
[create dir]
C:\Users\mikeBoogz\AppData\Local\Adobe\Animate CC 2019\en_US\Configuration\Publish
[create dir]
C:\Users\mikeBoogz\AppData\Local\Adobe\Animate CC 2019\en_US\Configuration\Publish\Canvas
[create dir]
C:\Users\mikeBoogz\AppData\Local\Adobe\Animate CC 2019\en_US\Configuration\Publish\Canvas\template
[copy]
C:\Users\mikeBoogz\AppData\Local\Adobe\Animate CC 2019\en_US\Configuration\Publish\Canvas\template\default.html
[create dir]
C:\Users\mikeBoogz\AppData\Local\Adobe\Animate CC 2019\en_US\Configuration\Publish\VR
[create dir]
C:\Users\mikeBoogz\AppData\Local\Adobe\Animate CC 2019\en_US\Configuration\Publish\VR\template
[copy]
C:\Users\mikeBoogz\AppData\Local\Adobe\Animate CC 2019\en_US\Configuration\Publish\VR\template\template.html
[copy]
C:\Users\mikeBoogz\AppData\Local\Adobe\Animate CC 2019\en_US\Configuration\Publish\VR\template\template_preview.html
[create dir]
C:\Users\mikeBoogz\AppData\Local\Adobe\Animate CC 2019\en_US\Configuration\Publish\Webgl-glTF
[create dir]
C:\Users\mikeBoogz\AppData\Local\Adobe\Animate CC 2019\en_US\Configuration\Publish\Webgl-glTF\template
[copy]
C:\Users\mikeBoogz\AppData\Local\Adobe\Animate CC 2019\en_US\Configuration\Publish\Webgl-glTF\template\template.html
[create dir]
C:\Users\mikeBoogz\AppData\Local\Adobe\Animate CC 2019\en_US\Configuration\Save for Web Settings
[create dir]
C:\Users\mikeBoogz\AppData\Local\Adobe\Animate CC 2019\en_US\Configuration\Save for Web Settings\Color Tables
[copy]
C:\Users\mikeBoogz\AppData\Local\Adobe\Animate CC 2019\en_US\Configuration\Save for Web Settings\Color Tables\Black & White.act
[copy]
C:\Users\mikeBoogz\AppData\Local\Adobe\Animate CC 2019\en_US\Configuration\Save for Web Settings\Color Tables\Grayscale.act
[copy]
C:\Users\mikeBoogz\AppData\Local\Adobe\Animate CC 2019\en_US\Configuration\Save for Web Settings\Color Tables\Mac OS.act
[copy]
C:\Users\mikeBoogz\AppData\Local\Adobe\Animate CC 2019\en_US\Configuration\Save for Web Settings\Color Tables\Windows.act
[create dir]
C:\Users\mikeBoogz\AppData\Local\Adobe\Animate CC 2019\en_US\Configuration\Save for Web Settings\Optimize
[create dir]
C:\Users\mikeBoogz\AppData\Local\Adobe\Animate CC 2019\en_US\Configuration\Save for Web Settings\Optimize\Presets
[copy]
C:\Users\mikeBoogz\AppData\Local\Adobe\Animate CC 2019\en_US\Configuration\Save for Web Settings\Optimize\Presets\GIF 128 Dithered.irs
[copy]
C:\Users\mikeBoogz\AppData\Local\Adobe\Animate CC 2019\en_US\Configuration\Save for Web Settings\Optimize\Presets\GIF 128 No Dither.irs
[copy]
C:\Users\mikeBoogz\AppData\Local\Adobe\Animate CC 2019\en_US\Configuration\Save for Web Settings\Optimize\Presets\GIF 32 Dithered.irs
[copy]
C:\Users\mikeBoogz\AppData\Local\Adobe\Animate CC 2019\en_US\Configuration\Save for Web Settings\Optimize\Presets\GIF 32 No Dither.irs
[copy]
C:\Users\mikeBoogz\AppData\Local\Adobe\Animate CC 2019\en_US\Configuration\Save for Web Settings\Optimize\Presets\GIF 64 Dithered.irs
[copy]
C:\Users\mikeBoogz\AppData\Local\Adobe\Animate CC 2019\en_US\Configuration\Save for Web Settings\Optimize\Presets\GIF 64 No Dither.irs
[copy]
C:\Users\mikeBoogz\AppData\Local\Adobe\Animate CC 2019\en_US\Configuration\Save for Web Settings\Optimize\Presets\GIF Web Palette.irs
[copy]
C:\Users\mikeBoogz\AppData\Local\Adobe\Animate CC 2019\en_US\Configuration\Save for Web Settings\Optimize\Presets\JPEG High.irs
[copy]
C:\Users\mikeBoogz\AppData\Local\Adobe\Animate CC 2019\en_US\Configuration\Save for Web Settings\Optimize\Presets\JPEG Low.irs
[copy]
C:\Users\mikeBoogz\AppData\Local\Adobe\Animate CC 2019\en_US\Configuration\Save for Web Settings\Optimize\Presets\JPEG Medium.irs
[copy]
C:\Users\mikeBoogz\AppData\Local\Adobe\Animate CC 2019\en_US\Configuration\Save for Web Settings\Optimize\Presets\PNG-24.irs
[copy]
C:\Users\mikeBoogz\AppData\Local\Adobe\Animate CC 2019\en_US\Configuration\Save for Web Settings\Optimize\Presets\PNG-8 128 Dithered.irs
[create dir]
C:\Users\mikeBoogz\AppData\Local\Adobe\Animate CC 2019\en_US\Configuration\StartPage
[copy]
C:\Users\mikeBoogz\AppData\Local\Adobe\Animate CC 2019\en_US\Configuration\StartPage\StartPage.swf
[create dir]
C:\Users\mikeBoogz\AppData\Local\Adobe\Animate CC 2019\en_US\Configuration\StartPage\resources
[copy]
C:\Users\mikeBoogz\AppData\Local\Adobe\Animate CC 2019\en_US\Configuration\StartPage\resources\defaultdynswf.swf
[create dir]
C:\Users\mikeBoogz\AppData\Local\Adobe\Animate CC 2019\en_US\Configuration\StartPage\resources\images
[copy]
C:\Users\mikeBoogz\AppData\Local\Adobe\Animate CC 2019\en_US\Configuration\StartPage\resources\images\adobeTV.png
[copy]
C:\Users\mikeBoogz\AppData\Local\Adobe\Animate CC 2019\en_US\Configuration\StartPage\resources\images\adobeTV_x2.png
[copy]
C:\Users\mikeBoogz\AppData\Local\Adobe\Animate CC 2019\en_US\Configuration\StartPage\resources\images\banner_dark.png
[copy]
C:\Users\mikeBoogz\AppData\Local\Adobe\Animate CC 2019\en_US\Configuration\StartPage\resources\images\banner_dark_x2.png
[copy]
C:\Users\mikeBoogz\AppData\Local\Adobe\Animate CC 2019\en_US\Configuration\StartPage\resources\images\banner_light.png
[copy]
C:\Users\mikeBoogz\AppData\Local\Adobe\Animate CC 2019\en_US\Configuration\StartPage\resources\images\banner_light_x2.png
[copy]
C:\Users\mikeBoogz\AppData\Local\Adobe\Animate CC 2019\en_US\Configuration\StartPage\resources\images\checkOff_up_dark.png
[copy]
C:\Users\mikeBoogz\AppData\Local\Adobe\Animate CC 2019\en_US\Configuration\StartPage\resources\images\checkOff_up_dark_x2.png
[copy]
C:\Users\mikeBoogz\AppData\Local\Adobe\Animate CC 2019\en_US\Configuration\StartPage\resources\images\checkOff_up_light.png
[copy]
C:\Users\mikeBoogz\AppData\Local\Adobe\Animate CC 2019\en_US\Configuration\StartPage\resources\images\checkOff_up_light_x2.png
[copy]
C:\Users\mikeBoogz\AppData\Local\Adobe\Animate CC 2019\en_US\Configuration\StartPage\resources\images\checkOn_up_dark.png
[copy]
C:\Users\mikeBoogz\AppData\Local\Adobe\Animate CC 2019\en_US\Configuration\StartPage\resources\images\checkOn_up_dark_x2.png
[copy]
C:\Users\mikeBoogz\AppData\Local\Adobe\Animate CC 2019\en_US\Configuration\StartPage\resources\images\checkOn_up_light.png
[copy]
C:\Users\mikeBoogz\AppData\Local\Adobe\Animate CC 2019\en_US\Configuration\StartPage\resources\images\checkOn_up_light_x2.png
[copy]
C:\Users\mikeBoogz\AppData\Local\Adobe\Animate CC 2019\en_US\Configuration\StartPage\resources\images\sep_h_dark.png
[copy]
C:\Users\mikeBoogz\AppData\Local\Adobe\Animate CC 2019\en_US\Configuration\StartPage\resources\images\sep_h_dark_x2.png
[copy]
C:\Users\mikeBoogz\AppData\Local\Adobe\Animate CC 2019\en_US\Configuration\StartPage\resources\images\sep_h_light.png
[copy]
C:\Users\mikeBoogz\AppData\Local\Adobe\Animate CC 2019\en_US\Configuration\StartPage\resources\images\sep_h_light_x2.png
[copy]
C:\Users\mikeBoogz\AppData\Local\Adobe\Animate CC 2019\en_US\Configuration\StartPage\resources\images\sep_v_dark.png
[copy]
C:\Users\mikeBoogz\AppData\Local\Adobe\Animate CC 2019\en_US\Configuration\StartPage\resources\images\sep_v_dark_x2.png
[copy]
C:\Users\mikeBoogz\AppData\Local\Adobe\Animate CC 2019\en_US\Configuration\StartPage\resources\images\sep_v_light.png
[copy]
C:\Users\mikeBoogz\AppData\Local\Adobe\Animate CC 2019\en_US\Configuration\StartPage\resources\images\sep_v_light_x2.png
[copy]
C:\Users\mikeBoogz\AppData\Local\Adobe\Animate CC 2019\en_US\Configuration\StartPage\resources\images\SP_AdobeExchange_Md_N.png
[copy]
C:\Users\mikeBoogz\AppData\Local\Adobe\Animate CC 2019\en_US\Configuration\StartPage\resources\images\SP_AdobeExchange_Md_N_D.png
[copy]
C:\Users\mikeBoogz\AppData\Local\Adobe\Animate CC 2019\en_US\Configuration\StartPage\resources\images\SP_Document_Md_N.png
[copy]
C:\Users\mikeBoogz\AppData\Local\Adobe\Animate CC 2019\en_US\Configuration\StartPage\resources\images\SP_Document_Md_N_D.png
[copy]
C:\Users\mikeBoogz\AppData\Local\Adobe\Animate CC 2019\en_US\Configuration\StartPage\resources\images\SP_FlaDocBranded_Md_N.png
[copy]
C:\Users\mikeBoogz\AppData\Local\Adobe\Animate CC 2019\en_US\Configuration\StartPage\resources\images\SP_FlaDocBranded_Md_N_D.png
[copy]
C:\Users\mikeBoogz\AppData\Local\Adobe\Animate CC 2019\en_US\Configuration\StartPage\resources\images\SP_FolderOpen_Md_N.png
[copy]
C:\Users\mikeBoogz\AppData\Local\Adobe\Animate CC 2019\en_US\Configuration\StartPage\resources\images\SP_FolderOpen_Md_N_D.png
[copy]
C:\Users\mikeBoogz\AppData\Local\Adobe\Animate CC 2019\en_US\Configuration\StartPage\resources\images\SP_Info_Md_N.png
[copy]
C:\Users\mikeBoogz\AppData\Local\Adobe\Animate CC 2019\en_US\Configuration\StartPage\resources\images\SP_Info_Md_N_D.png
[copy]
C:\Users\mikeBoogz\AppData\Local\Adobe\Animate CC 2019\en_US\Configuration\StartPage\resources\images\SP_x2_AdobeExchange_Md_N.png
[copy]
C:\Users\mikeBoogz\AppData\Local\Adobe\Animate CC 2019\en_US\Configuration\StartPage\resources\images\SP_x2_AdobeExchange_Md_N_D.png
[copy]
C:\Users\mikeBoogz\AppData\Local\Adobe\Animate CC 2019\en_US\Configuration\StartPage\resources\images\SP_x2_Document_Md_N.png
[copy]
C:\Users\mikeBoogz\AppData\Local\Adobe\Animate CC 2019\en_US\Configuration\StartPage\resources\images\SP_x2_Document_Md_N_D.png
[copy]
C:\Users\mikeBoogz\AppData\Local\Adobe\Animate CC 2019\en_US\Configuration\StartPage\resources\images\SP_x2_FlaDocBranded_Md_N.png
[copy]
C:\Users\mikeBoogz\AppData\Local\Adobe\Animate CC 2019\en_US\Configuration\StartPage\resources\images\SP_x2_FlaDocBranded_Md_N_D.png
[copy]
C:\Users\mikeBoogz\AppData\Local\Adobe\Animate CC 2019\en_US\Configuration\StartPage\resources\images\SP_x2_FolderOpen_Md_N.png
[copy]
C:\Users\mikeBoogz\AppData\Local\Adobe\Animate CC 2019\en_US\Configuration\StartPage\resources\images\SP_x2_FolderOpen_Md_N_D.png
[copy]
C:\Users\mikeBoogz\AppData\Local\Adobe\Animate CC 2019\en_US\Configuration\StartPage\resources\images\SP_x2_Info_Md_N.png
[copy]
C:\Users\mikeBoogz\AppData\Local\Adobe\Animate CC 2019\en_US\Configuration\StartPage\resources\images\SP_x2_Info_Md_N_D.png
[create dir]
C:\Users\mikeBoogz\AppData\Local\Adobe\Animate CC 2019\en_US\Configuration\Tools
[copy]
C:\Users\mikeBoogz\AppData\Local\Adobe\Animate CC 2019\en_US\Configuration\Tools\PolyStar.png
[copy]
C:\Users\mikeBoogz\AppData\Local\Adobe\Animate CC 2019\en_US\Configuration\Tools\PolyStar_D.png
[copy]
C:\Users\mikeBoogz\AppData\Local\Adobe\Animate CC 2019\en_US\Configuration\Tools\toolConfig.xml
[copy]
C:\Users\mikeBoogz\AppData\Local\Adobe\Animate CC 2019\en_US\Configuration\Tools\x2_PolyStar.png
[copy]
C:\Users\mikeBoogz\AppData\Local\Adobe\Animate CC 2019\en_US\Configuration\Tools\x2_PolyStar_D.png
[create dir]
C:\Users\mikeBoogz\AppData\Local\Adobe\Animate CC 2019\en_US\Configuration\WindowSWF
[copy]
C:\Users\mikeBoogz\AppData\Local\Adobe\Animate CC 2019\en_US\Configuration\WindowSWF\Code Snippets.swf
[copy]
C:\Users\mikeBoogz\AppData\Local\Adobe\Animate CC 2019\en_US\Configuration\filelist.txt
[copy]
C:\Users\mikeBoogz\AppData\Local\Adobe\Animate CC 2019\en_US\Configuration\LastFirstRunInstall.dat
[copy]
C:\Users\mikeBoogz\AppData\Local\Adobe\Animate CC 2019\en_US\Configuration\ActionScript 3.0\EnabledWarnings.xml
[create dir]
C:\Users\mikeBoogz\AppData\Local\Adobe\Animate CC 2019\en_US\Configuration\CodeSnippets
[copy]
C:\Users\mikeBoogz\AppData\Local\Adobe\Animate CC 2019\en_US\Configuration\CodeSnippets\CodeSnippets.xml
[copy]
C:\Users\mikeBoogz\AppData\Local\Adobe\Animate CC 2019\en_US\Configuration\CodeSnippets\CodeSnippetsStrings.xml
[copy]
C:\Users\mikeBoogz\AppData\Local\Adobe\Animate CC 2019\en_US\Configuration\CodeSnippets\CreateNewSnippet.xml
[copy]
C:\Users\mikeBoogz\AppData\Local\Adobe\Animate CC 2019\en_US\Configuration\CodeSnippets\SetInstanceName.xml
[copy]
C:\Users\mikeBoogz\AppData\Local\Adobe\Animate CC 2019\en_US\Configuration\CodeSnippets\SuccessCopyClipboard.xml
[copy]
C:\Users\mikeBoogz\AppData\Local\Adobe\Animate CC 2019\en_US\Configuration\Commands\names.xml
[copy]
C:\Users\mikeBoogz\AppData\Local\Adobe\Animate CC 2019\en_US\Configuration\Detection\DefaultDetection.html
[copy]
C:\Users\mikeBoogz\AppData\Local\Adobe\Animate CC 2019\en_US\Configuration\Detection\DefaultWithFullScreenDetection.html
[copy]
C:\Users\mikeBoogz\AppData\Local\Adobe\Animate CC 2019\en_US\Configuration\Detection\FlashHttpsDetection.html
[copy]
C:\Users\mikeBoogz\AppData\Local\Adobe\Animate CC 2019\en_US\Configuration\Detection\swfobject.js
[create dir]
C:\Users\mikeBoogz\AppData\Local\Adobe\Animate CC 2019\en_US\Configuration\FontEmbedding
[copy]
C:\Users\mikeBoogz\AppData\Local\Adobe\Animate CC 2019\en_US\Configuration\FontEmbedding\UnicodeTable.xml
[create dir]
C:\Users\mikeBoogz\AppData\Local\Adobe\Animate CC 2019\en_US\Configuration\HTML
[copy]
C:\Users\mikeBoogz\AppData\Local\Adobe\Animate CC 2019\en_US\Configuration\HTML\Anchors.html
[copy]
C:\Users\mikeBoogz\AppData\Local\Adobe\Animate CC 2019\en_US\Configuration\HTML\Default.html
[copy]
C:\Users\mikeBoogz\AppData\Local\Adobe\Animate CC 2019\en_US\Configuration\HTML\DefaultWithFullScreen.html
[copy]
C:\Users\mikeBoogz\AppData\Local\Adobe\Animate CC 2019\en_US\Configuration\HTML\FlashHttps.html
[copy]
C:\Users\mikeBoogz\AppData\Local\Adobe\Animate CC 2019\en_US\Configuration\HTML\Flash_with_AICC_Tracking.html
[copy]
C:\Users\mikeBoogz\AppData\Local\Adobe\Animate CC 2019\en_US\Configuration\HTML\FSCommand.html
[copy]
C:\Users\mikeBoogz\AppData\Local\Adobe\Animate CC 2019\en_US\Configuration\HTML\ImageMap.html
[create dir]
C:\Users\mikeBoogz\AppData\Local\Adobe\Animate CC 2019\en_US\Configuration\HTML\Learning Extensions Srvr Files
[copy]
C:\Users\mikeBoogz\AppData\Local\Adobe\Animate CC 2019\en_US\Configuration\HTML\Learning Extensions Srvr Files\frameset.htm
[copy]
C:\Users\mikeBoogz\AppData\Local\Adobe\Animate CC 2019\en_US\Configuration\HTML\Learning Extensions Srvr Files\Readme.txt
[copy]
C:\Users\mikeBoogz\AppData\Local\Adobe\Animate CC 2019\en_US\Configuration\HTML\Learning Extensions Srvr Files\results.htm
[create dir]
C:\Users\mikeBoogz\AppData\Local\Adobe\Animate CC 2019\en_US\Configuration\HTML\Learning Extensions Srvr Files\scripts
[copy]
C:\Users\mikeBoogz\AppData\Local\Adobe\Animate CC 2019\en_US\Configuration\HTML\Learning Extensions Srvr Files\scripts\behCourseBuilder.js
[copy]
C:\Users\mikeBoogz\AppData\Local\Adobe\Animate CC 2019\en_US\Configuration\HTML\Learning Extensions Srvr Files\scripts\cmi.js
[copy]
C:\Users\mikeBoogz\AppData\Local\Adobe\Animate CC 2019\en_US\Configuration\Javascript\MotionXML.jsfl
[copy]
C:\Users\mikeBoogz\AppData\Local\Adobe\Animate CC 2019\en_US\Configuration\Javascript\PasteMotionSpecialDialog.xml
[copy]
C:\Users\mikeBoogz\AppData\Local\Adobe\Animate CC 2019\en_US\Configuration\Javascript\PasteMotionSpecialDialogTemplate.xml
[create dir]
C:\Users\mikeBoogz\AppData\Local\Adobe\Animate CC 2019\en_US\Configuration\Publish\WebGL
[create dir]
C:\Users\mikeBoogz\AppData\Local\Adobe\Animate CC 2019\en_US\Configuration\Publish\WebGL\template
[copy]
C:\Users\mikeBoogz\AppData\Local\Adobe\Animate CC 2019\en_US\Configuration\Publish\WebGL\template\template.html
[create dir]
C:\Users\mikeBoogz\AppData\Local\Adobe\Animate CC 2019\en_US\Configuration\Publish Profiles
[copy]
C:\Users\mikeBoogz\AppData\Local\Adobe\Animate CC 2019\en_US\Configuration\Publish Profiles\default.xml
[copy]
C:\Users\mikeBoogz\AppData\Local\Adobe\Animate CC 2019\en_US\Configuration\StartPage\resources\config.xml
[copy]
C:\Users\mikeBoogz\AppData\Local\Adobe\Animate CC 2019\en_US\Configuration\Tools\PolyStar.jsfl
[copy]
C:\Users\mikeBoogz\AppData\Local\Adobe\Animate CC 2019\en_US\Configuration\Tools\PolyStar.xml
[copy]
C:\Users\mikeBoogz\AppData\Local\Adobe\Animate CC 2019\en_US\Configuration\WindowSWF\names.xml
